                      :-) GROMACS - gmx mdrun, 2021.1 (-:

                            GROMACS is written by:
     Andrey Alekseenko              Emile Apol              Rossen Apostolov     
         Paul Bauer           Herman J.C. Berendsen           Par Bjelkmar       
       Christian Blau           Viacheslav Bolnykh             Kevin Boyd        
     Aldert van Buuren           Rudi van Drunen             Anton Feenstra      
    Gilles Gouaillardet             Alan Gray               Gerrit Groenhof      
       Anca Hamuraru            Vincent Hindriksen          M. Eric Irrgang      
      Aleksei Iupinov           Christoph Junghans             Joe Jordan        
    Dimitrios Karkoulis            Peter Kasson                Jiri Kraus        
      Carsten Kutzner              Per Larsson              Justin A. Lemkul     
       Viveca Lindahl            Magnus Lundborg             Erik Marklund       
        Pascal Merz             Pieter Meulenhoff            Teemu Murtola       
        Szilard Pall               Sander Pronk              Roland Schulz       
       Michael Shirts            Alexey Shvetsov             Alfons Sijbers      
       Peter Tieleman              Jon Vincent              Teemu Virolainen     
     Christian Wennberg            Maarten Wolf              Artem Zhmurov       
                           and the project leaders:
        Mark Abraham, Berk Hess, Erik Lindahl, and David van der Spoel

Copyright (c) 1991-2000, University of Groningen, The Netherlands.
Copyright (c) 2001-2019, The GROMACS development team at
Uppsala University, Stockholm University and
the Royal Institute of Technology, Sweden.
check out http://www.gromacs.org for more information.

GROMACS is free software; you can redistribute it and/or modify it
under the terms of the GNU Lesser General Public License
as published by the Free Software Foundation; either version 2.1
of the License, or (at your option) any later version.

GROMACS:      gmx mdrun, version 2021.1
Executable:   /home/Programs/Gromacs/bin/gmx
Data prefix:  /home/Programs/Gromacs
Working dir:  /home/h123456/Programs/Gromacs/Ascorbic_acid3
Process ID:   4247
Command line:
  gmx mdrun -v -deffnm md_asc

GROMACS version:    2021.1
Verified release checksum is 8c24bff5d3f78b0a9afb16e880b5667e5affe9a686d462482bac20ce975492c6
Precision:          mixed
Memory model:       64 bit
MPI library:        thread_mpi
OpenMP support:     enabled (GMX_OPENMP_MAX_THREADS = 64)
GPU support:        disabled
SIMD instructions:  AVX_256
FFT library:        fftw-3.3.8-sse2-avx-avx2-avx2_128
RDTSCP usage:       enabled
TNG support:        enabled
Hwloc support:      disabled
Tracing support:    disabled
C compiler:         /usr/bin/cc GNU 7.5.0
C compiler flags:   -mavx -Wno-missing-field-initializers -fexcess-precision=fast -funroll-all-loops -O3 -DNDEBUG
C++ compiler:       /usr/bin/c++ GNU 7.5.0
C++ compiler flags: -mavx -Wno-missing-field-initializers -fexcess-precision=fast -funroll-all-loops -fopenmp -O3 -DNDEBUG


Running on 1 node with total 2 cores, 4 logical cores
Hardware detected:
  CPU info:
    Vendor: Intel
    Brand:  Intel(R) Core(TM) i3-3120M CPU @ 2.50GHz
    Family: 6   Model: 58   Stepping: 9
    Features: apic avx clfsh cmov cx8 cx16 f16c htt intel lahf mmx msr nonstop_tsc pcid pclmuldq pdcm popcnt pse rdtscp sse2 sse3 sse4.1 sse4.2 ssse3 tdt x2apic
  Hardware topology: Basic
    Sockets, cores, and logical processors:
      Socket  0: [   0   1] [   2   3]


++++ PLEASE READ AND CITE THE FOLLOWING REFERENCE ++++
M. J. Abraham, T. Murtola, R. Schulz, S. Páll, J. C. Smith, B. Hess, E.
Lindahl
GROMACS: High performance molecular simulations through multi-level
parallelism from laptops to supercomputers
SoftwareX 1 (2015) pp. 19-25
-------- -------- --- Thank You --- -------- --------


++++ PLEASE READ AND CITE THE FOLLOWING REFERENCE ++++
S. Páll, M. J. Abraham, C. Kutzner, B. Hess, E. Lindahl
Tackling Exascale Software Challenges in Molecular Dynamics Simulations with
GROMACS
In S. Markidis & E. Laure (Eds.), Solving Software Challenges for Exascale 8759 (2015) pp. 3-27
-------- -------- --- Thank You --- -------- --------


++++ PLEASE READ AND CITE THE FOLLOWING REFERENCE ++++
S. Pronk, S. Páll, R. Schulz, P. Larsson, P. Bjelkmar, R. Apostolov, M. R.
Shirts, J. C. Smith, P. M. Kasson, D. van der Spoel, B. Hess, and E. Lindahl
GROMACS 4.5: a high-throughput and highly parallel open source molecular
simulation toolkit
Bioinformatics 29 (2013) pp. 845-54
-------- -------- --- Thank You --- -------- --------


++++ PLEASE READ AND CITE THE FOLLOWING REFERENCE ++++
B. Hess and C. Kutzner and D. van der Spoel and E. Lindahl
GROMACS 4: Algorithms for highly efficient, load-balanced, and scalable
molecular simulation
J. Chem. Theory Comput. 4 (2008) pp. 435-447
-------- -------- --- Thank You --- -------- --------


++++ PLEASE READ AND CITE THE FOLLOWING REFERENCE ++++
D. van der Spoel, E. Lindahl, B. Hess, G. Groenhof, A. E. Mark and H. J. C.
Berendsen
GROMACS: Fast, Flexible and Free
J. Comp. Chem. 26 (2005) pp. 1701-1719
-------- -------- --- Thank You --- -------- --------


++++ PLEASE READ AND CITE THE FOLLOWING REFERENCE ++++
E. Lindahl and B. Hess and D. van der Spoel
GROMACS 3.0: A package for molecular simulation and trajectory analysis
J. Mol. Mod. 7 (2001) pp. 306-317
-------- -------- --- Thank You --- -------- --------


++++ PLEASE READ AND CITE THE FOLLOWING REFERENCE ++++
H. J. C. Berendsen, D. van der Spoel and R. van Drunen
GROMACS: A message-passing parallel molecular dynamics implementation
Comp. Phys. Comm. 91 (1995) pp. 43-56
-------- -------- --- Thank You --- -------- --------


++++ PLEASE CITE THE DOI FOR THIS VERSION OF GROMACS ++++
https://doi.org/10.5281/zenodo.4561626
-------- -------- --- Thank You --- -------- --------

Input Parameters:
   integrator                     = md
   tinit                          = 0
   dt                             = 0.002
   nsteps                         = 500000
   init-step                      = 0
   simulation-part                = 1
   mts                            = false
   comm-mode                      = Linear
   nstcomm                        = 100
   bd-fric                        = 0
   ld-seed                        = -36995073
   emtol                          = 10
   emstep                         = 0.01
   niter                          = 20
   fcstep                         = 0
   nstcgsteep                     = 1000
   nbfgscorr                      = 10
   rtpi                           = 0.05
   nstxout                        = 0
   nstvout                        = 0
   nstfout                        = 0
   nstlog                         = 5000
   nstcalcenergy                  = 100
   nstenergy                      = 5000
   nstxout-compressed             = 5000
   compressed-x-precision         = 1000
   cutoff-scheme                  = Verlet
   nstlist                        = 10
   pbc                            = xyz
   periodic-molecules             = false
   verlet-buffer-tolerance        = 0.005
   rlist                          = 1
   coulombtype                    = PME
   coulomb-modifier               = Potential-shift
   rcoulomb-switch                = 0
   rcoulomb                       = 1
   epsilon-r                      = 1
   epsilon-rf                     = inf
   vdw-type                       = Cut-off
   vdw-modifier                   = Potential-shift
   rvdw-switch                    = 0
   rvdw                           = 1
   DispCorr                       = EnerPres
   table-extension                = 1
   fourierspacing                 = 0.16
   fourier-nx                     = 20
   fourier-ny                     = 20
   fourier-nz                     = 20
   pme-order                      = 4
   ewald-rtol                     = 1e-05
   ewald-rtol-lj                  = 0.001
   lj-pme-comb-rule               = Geometric
   ewald-geometry                 = 0
   epsilon-surface                = 0
   tcoupl                         = V-rescale
   nsttcouple                     = 10
   nh-chain-length                = 0
   print-nose-hoover-chain-variables = false
   pcoupl                         = Parrinello-Rahman
   pcoupltype                     = Isotropic
   nstpcouple                     = 10
   tau-p                          = 2
   compressibility (3x3):
      compressibility[    0]={ 4.50000e-05,  0.00000e+00,  0.00000e+00}
      compressibility[    1]={ 0.00000e+00,  4.50000e-05,  0.00000e+00}
      compressibility[    2]={ 0.00000e+00,  0.00000e+00,  4.50000e-05}
   ref-p (3x3):
      ref-p[    0]={ 1.00000e+00,  0.00000e+00,  0.00000e+00}
      ref-p[    1]={ 0.00000e+00,  1.00000e+00,  0.00000e+00}
      ref-p[    2]={ 0.00000e+00,  0.00000e+00,  1.00000e+00}
   refcoord-scaling               = No
   posres-com (3):
      posres-com[0]= 0.00000e+00
      posres-com[1]= 0.00000e+00
      posres-com[2]= 0.00000e+00
   posres-comB (3):
      posres-comB[0]= 0.00000e+00
      posres-comB[1]= 0.00000e+00
      posres-comB[2]= 0.00000e+00
   QMMM                           = false
qm-opts:
   ngQM                           = 0
   constraint-algorithm           = Lincs
   continuation                   = false
   Shake-SOR                      = false
   shake-tol                      = 0.0001
   lincs-order                    = 4
   lincs-iter                     = 1
   lincs-warnangle                = 30
   nwall                          = 0
   wall-type                      = 9-3
   wall-r-linpot                  = -1
   wall-atomtype[0]               = -1
   wall-atomtype[1]               = -1
   wall-density[0]                = 0
   wall-density[1]                = 0
   wall-ewald-zfac                = 3
   pull                           = false
   awh                            = false
   rotation                       = false
   interactiveMD                  = false
   disre                          = No
   disre-weighting                = Conservative
   disre-mixed                    = false
   dr-fc                          = 1000
   dr-tau                         = 0
   nstdisreout                    = 100
   orire-fc                       = 0
   orire-tau                      = 0
   nstorireout                    = 100
   free-energy                    = no
   cos-acceleration               = 0
   deform (3x3):
      deform[    0]={ 0.00000e+00,  0.00000e+00,  0.00000e+00}
      deform[    1]={ 0.00000e+00,  0.00000e+00,  0.00000e+00}
      deform[    2]={ 0.00000e+00,  0.00000e+00,  0.00000e+00}
   simulated-tempering            = false
   swapcoords                     = no
   userint1                       = 0
   userint2                       = 0
   userint3                       = 0
   userint4                       = 0
   userreal1                      = 0
   userreal2                      = 0
   userreal3                      = 0
   userreal4                      = 0
   applied-forces:
     electric-field:
       x:
         E0                       = 0
         omega                    = 0
         t0                       = 0
         sigma                    = 0
       y:
         E0                       = 0
         omega                    = 0
         t0                       = 0
         sigma                    = 0
       z:
         E0                       = 0
         omega                    = 0
         t0                       = 0
         sigma                    = 0
     density-guided-simulation:
       active                     = false
       group                      = protein
       similarity-measure         = inner-product
       atom-spreading-weight      = unity
       force-constant             = 1e+09
       gaussian-transform-spreading-width = 0.2
       gaussian-transform-spreading-range-in-multiples-of-width = 4
       reference-density-filename = reference.mrc
       nst                        = 1
       normalize-densities        = true
       adaptive-force-scaling     = false
       adaptive-force-scaling-time-constant = 4
       shift-vector               = 
       transformation-matrix      = 
grpopts:
   nrdf:     5253.03     51.9706
   ref-t:         300         300
   tau-t:         0.1         0.1
annealing:          No          No
annealing-npoints:           0           0
   acc:	           0           0           0
   nfreeze:           N           N           N
   energygrp-flags[  0]: 0

Changing nstlist from 10 to 50, rlist from 1 to 1.11

Using 1 MPI thread
Using 4 OpenMP threads 

Pinning threads with an auto-selected logical core stride of 1
System total charge: 0.000
Will do PME sum in reciprocal space for electrostatic interactions.

++++ PLEASE READ AND CITE THE FOLLOWING REFERENCE ++++
U. Essmann, L. Perera, M. L. Berkowitz, T. Darden, H. Lee and L. G. Pedersen 
A smooth particle mesh Ewald method
J. Chem. Phys. 103 (1995) pp. 8577-8592
-------- -------- --- Thank You --- -------- --------

Using a Gaussian width (1/beta) of 0.320163 nm for Ewald
Potential shift: LJ r^-12: -1.000e+00 r^-6: -1.000e+00, Ewald -1.000e-05
Initialized non-bonded Ewald tables, spacing: 9.33e-04 size: 1073

Generated table with 1055 data points for 1-4 COUL.
Tabscale = 500 points/nm
Generated table with 1055 data points for 1-4 LJ6.
Tabscale = 500 points/nm
Generated table with 1055 data points for 1-4 LJ12.
Tabscale = 500 points/nm
Long Range LJ corr.: <C6> 2.9938e-04


Using SIMD 4x4 nonbonded short-range kernels

Using a dual 4x4 pair-list setup updated with dynamic pruning:
  outer list: updated every 50 steps, buffer 0.110 nm, rlist 1.110 nm
  inner list: updated every 12 steps, buffer 0.003 nm, rlist 1.003 nm
At tolerance 0.005 kJ/mol/ps per atom, equivalent classical 1x1 list would be:
  outer list: updated every 50 steps, buffer 0.236 nm, rlist 1.236 nm
  inner list: updated every 12 steps, buffer 0.048 nm, rlist 1.048 nm

Using Lorentz-Berthelot Lennard-Jones combination rule
Removing pbc first time

Initializing LINear Constraint Solver

++++ PLEASE READ AND CITE THE FOLLOWING REFERENCE ++++
B. Hess and H. Bekker and H. J. C. Berendsen and J. G. E. M. Fraaije
LINCS: A Linear Constraint Solver for molecular simulations
J. Comp. Chem. 18 (1997) pp. 1463-1472
-------- -------- --- Thank You --- -------- --------

The number of constraints is 8

++++ PLEASE READ AND CITE THE FOLLOWING REFERENCE ++++
S. Miyamoto and P. A. Kollman
SETTLE: An Analytical Version of the SHAKE and RATTLE Algorithms for Rigid
Water Models
J. Comp. Chem. 13 (1992) pp. 952-962
-------- -------- --- Thank You --- -------- --------


++++ PLEASE READ AND CITE THE FOLLOWING REFERENCE ++++
G. Bussi, D. Donadio and M. Parrinello
Canonical sampling through velocity rescaling
J. Chem. Phys. 126 (2007) pp. 014101
-------- -------- --- Thank You --- -------- --------

There are: 2648 Atoms

Constraining the starting coordinates (step 0)

Constraining the coordinates at t0-dt (step 0)
Center of mass motion removal mode is Linear
We have the following groups for center of mass motion removal:
  0:  rest
RMS relative constraint deviation after constraining: 1.14e-06
Initial temperature: 300.07 K

Started mdrun on rank 0 Wed May 19 06:12:06 2021

           Step           Time
              0        0.00000

   Energies (kJ/mol)
           Bond            U-B    Proper Dih.  Improper Dih.          LJ-14
    5.46447e+00    5.33468e+01    9.65812e+01    1.97966e-01    1.49608e+01
     Coulomb-14        LJ (SR)  Disper. corr.   Coulomb (SR)   Coul. recip.
    5.68391e+02    4.22528e+03   -3.25276e+02   -4.37334e+04    2.38293e+02
      Potential    Kinetic En.   Total Energy  Conserved En.    Temperature
   -3.88561e+04    6.62441e+03   -3.22317e+04   -3.22301e+04    3.00371e+02
 Pres. DC (bar) Pressure (bar)   Constr. rmsd
   -2.00293e+02   -2.87721e+03    9.07382e-07

           Step           Time
           5000       10.00000

   Energies (kJ/mol)
           Bond            U-B    Proper Dih.  Improper Dih.          LJ-14
    7.42317e+00    7.90684e+01    7.44610e+01    6.90709e-01    9.96369e+00
     Coulomb-14        LJ (SR)  Disper. corr.   Coulomb (SR)   Coul. recip.
    5.76063e+02    3.43722e+03   -3.37986e+02   -3.96082e+04    2.02523e+02
      Potential    Kinetic En.   Total Energy  Conserved En.    Temperature
   -3.55588e+04    6.61666e+03   -2.89421e+04   -3.21747e+04    3.00019e+02
 Pres. DC (bar) Pressure (bar)   Constr. rmsd
   -2.16231e+02   -1.14626e+03    3.90842e-06

           Step           Time
          10000       20.00000

   Energies (kJ/mol)
           Bond            U-B    Proper Dih.  Improper Dih.          LJ-14
    1.65351e+01    8.18041e+01    5.63970e+01    8.30642e-04    9.60047e+00
     Coulomb-14        LJ (SR)  Disper. corr.   Coulomb (SR)   Coul. recip.
    5.79398e+02    4.28236e+03   -3.41490e+02   -4.08111e+04    2.25715e+02
      Potential    Kinetic En.   Total Energy  Conserved En.    Temperature
   -3.59008e+04    6.46183e+03   -2.94390e+04   -3.21683e+04    2.92999e+02
 Pres. DC (bar) Pressure (bar)   Constr. rmsd
   -2.20733e+02    5.90014e+02    9.04195e-07

           Step           Time
          15000       30.00000

   Energies (kJ/mol)
           Bond            U-B    Proper Dih.  Improper Dih.          LJ-14
    1.61491e+01    7.84719e+01    7.00622e+01    2.88344e+00    1.03904e+01
     Coulomb-14        LJ (SR)  Disper. corr.   Coulomb (SR)   Coul. recip.
    5.76988e+02    4.27982e+03   -3.43267e+02   -4.09600e+04    2.31911e+02
      Potential    Kinetic En.   Total Energy  Conserved En.    Temperature
   -3.60366e+04    6.64489e+03   -2.93917e+04   -3.21549e+04    3.01299e+02
 Pres. DC (bar) Pressure (bar)   Constr. rmsd
   -2.23034e+02    5.45368e+02    4.72158e-07

           Step           Time
          20000       40.00000

   Energies (kJ/mol)
           Bond            U-B    Proper Dih.  Improper Dih.          LJ-14
    2.28441e+01    8.84037e+01    8.98692e+01    3.85099e-01    5.51022e+00
     Coulomb-14        LJ (SR)  Disper. corr.   Coulomb (SR)   Coul. recip.
    5.59349e+02    4.08608e+03   -3.33811e+02   -3.98048e+04    2.57477e+02
      Potential    Kinetic En.   Total Energy  Conserved En.    Temperature
   -3.50287e+04    6.60547e+03   -2.84232e+04   -3.21436e+04    2.99512e+02
 Pres. DC (bar) Pressure (bar)   Constr. rmsd
   -2.10930e+02    4.62027e+02    1.57276e-06

           Step           Time
          25000       50.00000

   Energies (kJ/mol)
           Bond            U-B    Proper Dih.  Improper Dih.          LJ-14
    3.27803e+01    7.41808e+01    8.08269e+01    6.43707e-01    1.43558e+01
     Coulomb-14        LJ (SR)  Disper. corr.   Coulomb (SR)   Coul. recip.
    5.85197e+02    4.11949e+03   -3.38373e+02   -4.03806e+04    2.33957e+02
      Potential    Kinetic En.   Total Energy  Conserved En.    Temperature
   -3.55775e+04    6.50359e+03   -2.90739e+04   -3.21446e+04    2.94892e+02
 Pres. DC (bar) Pressure (bar)   Constr. rmsd
   -2.16727e+02    2.56949e+02    4.94216e-07

           Step           Time
          30000       60.00000

   Energies (kJ/mol)
           Bond            U-B    Proper Dih.  Improper Dih.          LJ-14
    3.32575e+01    5.42084e+01    7.88703e+01    1.11885e-01    1.09812e+01
     Coulomb-14        LJ (SR)  Disper. corr.   Coulomb (SR)   Coul. recip.
    6.24984e+02    4.38353e+03   -3.40899e+02   -4.08470e+04    2.22969e+02
      Potential    Kinetic En.   Total Energy  Conserved En.    Temperature
   -3.57790e+04    6.67095e+03   -2.91080e+04   -3.21317e+04    3.02481e+02
 Pres. DC (bar) Pressure (bar)   Constr. rmsd
   -2.19971e+02    8.48106e+02    1.37560e-06

           Step           Time
          35000       70.00000

   Energies (kJ/mol)
           Bond            U-B    Proper Dih.  Improper Dih.          LJ-14
    1.79181e+01    6.92431e+01    7.83595e+01    3.89583e+00    1.22650e+01
     Coulomb-14        LJ (SR)  Disper. corr.   Coulomb (SR)   Coul. recip.
    6.26160e+02    4.18842e+03   -3.35057e+02   -4.06151e+04    2.26743e+02
      Potential    Kinetic En.   Total Energy  Conserved En.    Temperature
   -3.57271e+04    6.57795e+03   -2.91492e+04   -3.21212e+04    2.98264e+02
 Pres. DC (bar) Pressure (bar)   Constr. rmsd
   -2.12504e+02    1.33945e+02    9.25553e-07

           Step           Time
          40000       80.00000

   Energies (kJ/mol)
           Bond            U-B    Proper Dih.  Improper Dih.          LJ-14
    1.52685e+01    5.15900e+01    8.35860e+01    5.76902e-01    1.37627e+01
     Coulomb-14        LJ (SR)  Disper. corr.   Coulomb (SR)   Coul. recip.
    6.35451e+02    4.00523e+03   -3.43889e+02   -4.05798e+04    2.09517e+02
      Potential    Kinetic En.   Total Energy  Conserved En.    Temperature
   -3.59087e+04    6.46198e+03   -2.94467e+04   -3.21111e+04    2.93006e+02
 Pres. DC (bar) Pressure (bar)   Constr. rmsd
   -2.23842e+02    1.04478e+02    6.82857e-07

           Step           Time
          45000       90.00000

   Energies (kJ/mol)
           Bond            U-B    Proper Dih.  Improper Dih.          LJ-14
    7.83514e+00    8.11136e+01    8.53805e+01    1.96975e-01    1.35145e+01
     Coulomb-14        LJ (SR)  Disper. corr.   Coulomb (SR)   Coul. recip.
    6.15848e+02    4.08799e+03   -3.34291e+02   -4.03549e+04    2.24184e+02
      Potential    Kinetic En.   Total Energy  Conserved En.    Temperature
   -3.55732e+04    6.72709e+03   -2.88461e+04   -3.20834e+04    3.05027e+02
 Pres. DC (bar) Pressure (bar)   Constr. rmsd
   -2.11535e+02    9.10783e+01    1.01743e-06

           Step           Time
          50000      100.00000

   Energies (kJ/mol)
           Bond            U-B    Proper Dih.  Improper Dih.          LJ-14
    1.75765e+01    7.42081e+01    8.77258e+01    4.75292e-01    3.52523e+01
     Coulomb-14        LJ (SR)  Disper. corr.   Coulomb (SR)   Coul. recip.
    6.15331e+02    3.77300e+03   -3.36623e+02   -4.00013e+04    2.30014e+02
      Potential    Kinetic En.   Total Energy  Conserved En.    Temperature
   -3.55044e+04    6.70321e+03   -2.88012e+04   -3.20795e+04    3.03944e+02
 Pres. DC (bar) Pressure (bar)   Constr. rmsd
   -2.14494e+02   -2.35883e+02    7.09333e-07

           Step           Time
          55000      110.00000

   Energies (kJ/mol)
           Bond            U-B    Proper Dih.  Improper Dih.          LJ-14
    3.21119e+01    8.06950e+01    6.46858e+01    1.05061e-01    2.34244e+01
     Coulomb-14        LJ (SR)  Disper. corr.   Coulomb (SR)   Coul. recip.
    6.22920e+02    3.91129e+03   -3.38016e+02   -4.02791e+04    2.03489e+02
      Potential    Kinetic En.   Total Energy  Conserved En.    Temperature
   -3.56784e+04    6.55870e+03   -2.91197e+04   -3.20661e+04    2.97391e+02
 Pres. DC (bar) Pressure (bar)   Constr. rmsd
   -2.16270e+02   -3.41786e+02    1.50936e-06

           Step           Time
          60000      120.00000

   Energies (kJ/mol)
           Bond            U-B    Proper Dih.  Improper Dih.          LJ-14
    1.65635e+01    7.55858e+01    6.90154e+01    2.98310e+00    2.09739e+01
     Coulomb-14        LJ (SR)  Disper. corr.   Coulomb (SR)   Coul. recip.
    6.14966e+02    3.94251e+03   -3.37031e+02   -4.02814e+04    2.01155e+02
      Potential    Kinetic En.   Total Energy  Conserved En.    Temperature
   -3.56746e+04    6.71956e+03   -2.89551e+04   -3.20574e+04    3.04685e+02
 Pres. DC (bar) Pressure (bar)   Constr. rmsd
   -2.15013e+02   -5.19711e+01    7.22069e-06

           Step           Time
          65000      130.00000

   Energies (kJ/mol)
           Bond            U-B    Proper Dih.  Improper Dih.          LJ-14
    1.70701e+01    9.08553e+01    4.81333e+01    1.11328e+00    1.06463e+01
     Coulomb-14        LJ (SR)  Disper. corr.   Coulomb (SR)   Coul. recip.
    6.26949e+02    4.07525e+03   -3.34219e+02   -4.06655e+04    1.91580e+02
      Potential    Kinetic En.   Total Energy  Conserved En.    Temperature
   -3.59381e+04    6.58449e+03   -2.93537e+04   -3.20509e+04    2.98561e+02
 Pres. DC (bar) Pressure (bar)   Constr. rmsd
   -2.11444e+02   -3.10242e+02    3.86116e-06

           Step           Time
          70000      140.00000

   Energies (kJ/mol)
           Bond            U-B    Proper Dih.  Improper Dih.          LJ-14
    1.36084e+01    8.38232e+01    6.83215e+01    2.35641e-01    1.25069e+01
     Coulomb-14        LJ (SR)  Disper. corr.   Coulomb (SR)   Coul. recip.
    5.50979e+02    4.28443e+03   -3.36514e+02   -4.06123e+04    2.31384e+02
      Potential    Kinetic En.   Total Energy  Conserved En.    Temperature
   -3.57035e+04    6.64891e+03   -2.90546e+04   -3.20437e+04    3.01482e+02
 Pres. DC (bar) Pressure (bar)   Constr. rmsd
   -2.14355e+02    3.80328e+02    6.58355e-07

           Step           Time
          75000      150.00000

   Energies (kJ/mol)
           Bond            U-B    Proper Dih.  Improper Dih.          LJ-14
    2.99118e+01    8.17046e+01    5.53351e+01    1.44380e+00    9.36856e+00
     Coulomb-14        LJ (SR)  Disper. corr.   Coulomb (SR)   Coul. recip.
    5.44874e+02    4.03970e+03   -3.33566e+02   -4.01329e+04    2.19899e+02
      Potential    Kinetic En.   Total Energy  Conserved En.    Temperature
   -3.54842e+04    6.44455e+03   -2.90397e+04   -3.20271e+04    2.92215e+02
 Pres. DC (bar) Pressure (bar)   Constr. rmsd
   -2.10620e+02   -8.96055e+01    7.63021e-07

           Step           Time
          80000      160.00000

   Energies (kJ/mol)
           Bond            U-B    Proper Dih.  Improper Dih.          LJ-14
    3.20629e+01    1.10282e+02    6.09324e+01    3.05725e-01    1.25921e+01
     Coulomb-14        LJ (SR)  Disper. corr.   Coulomb (SR)   Coul. recip.
    5.32804e+02    3.96779e+03   -3.40077e+02   -3.99495e+04    2.26268e+02
      Potential    Kinetic En.   Total Energy  Conserved En.    Temperature
   -3.53465e+04    6.64877e+03   -2.86978e+04   -3.20223e+04    3.01475e+02
 Pres. DC (bar) Pressure (bar)   Constr. rmsd
   -2.18912e+02    1.89533e+02    9.94478e-07

           Step           Time
          85000      170.00000

   Energies (kJ/mol)
           Bond            U-B    Proper Dih.  Improper Dih.          LJ-14
    2.10530e+01    6.70254e+01    6.69471e+01    3.87910e-02    1.08534e+01
     Coulomb-14        LJ (SR)  Disper. corr.   Coulomb (SR)   Coul. recip.
    5.57683e+02    4.02533e+03   -3.34947e+02   -4.01010e+04    2.08662e+02
      Potential    Kinetic En.   Total Energy  Conserved En.    Temperature
   -3.54783e+04    6.45216e+03   -2.90262e+04   -3.20163e+04    2.92560e+02
 Pres. DC (bar) Pressure (bar)   Constr. rmsd
   -2.12366e+02    1.57711e+01    6.15835e-07

           Step           Time
          90000      180.00000

   Energies (kJ/mol)
           Bond            U-B    Proper Dih.  Improper Dih.          LJ-14
    5.06218e+01    6.19363e+01    7.72182e+01    4.43731e-01    1.67391e+01
     Coulomb-14        LJ (SR)  Disper. corr.   Coulomb (SR)   Coul. recip.
    5.40504e+02    4.51377e+03   -3.34652e+02   -4.06743e+04    2.44591e+02
      Potential    Kinetic En.   Total Energy  Conserved En.    Temperature
   -3.55031e+04    6.53185e+03   -2.89713e+04   -3.20128e+04    2.96174e+02
 Pres. DC (bar) Pressure (bar)   Constr. rmsd
   -2.11992e+02    8.67021e+02    2.15145e-06

           Step           Time
          95000      190.00000

   Energies (kJ/mol)
           Bond            U-B    Proper Dih.  Improper Dih.          LJ-14
    1.40793e+01    8.32288e+01    5.46413e+01    4.15273e+00    1.93227e+01
     Coulomb-14        LJ (SR)  Disper. corr.   Coulomb (SR)   Coul. recip.
    5.62512e+02    4.06407e+03   -3.36357e+02   -4.04778e+04    2.36721e+02
      Potential    Kinetic En.   Total Energy  Conserved En.    Temperature
   -3.57755e+04    6.48280e+03   -2.92927e+04   -3.19994e+04    2.93950e+02
 Pres. DC (bar) Pressure (bar)   Constr. rmsd
   -2.14155e+02    6.32492e+01    7.81992e-07

           Step           Time
         100000      200.00000

   Energies (kJ/mol)
           Bond            U-B    Proper Dih.  Improper Dih.          LJ-14
    1.86092e+01    7.83537e+01    7.02980e+01    1.45987e-02    8.93161e+00
     Coulomb-14        LJ (SR)  Disper. corr.   Coulomb (SR)   Coul. recip.
    5.58827e+02    3.83133e+03   -3.37202e+02   -3.99550e+04    2.06421e+02
      Potential    Kinetic En.   Total Energy  Conserved En.    Temperature
   -3.55194e+04    6.40953e+03   -2.91099e+04   -3.19877e+04    2.90628e+02
 Pres. DC (bar) Pressure (bar)   Constr. rmsd
   -2.15232e+02   -2.84543e+02    1.87305e-06

           Step           Time
         105000      210.00000

   Energies (kJ/mol)
           Bond            U-B    Proper Dih.  Improper Dih.          LJ-14
    1.01956e+01    8.27414e+01    7.25854e+01    3.04583e-02    1.46111e+01
     Coulomb-14        LJ (SR)  Disper. corr.   Coulomb (SR)   Coul. recip.
    5.46823e+02    3.96098e+03   -3.37125e+02   -4.04615e+04    2.04680e+02
      Potential    Kinetic En.   Total Energy  Conserved En.    Temperature
   -3.59060e+04    6.51851e+03   -2.93875e+04   -3.19794e+04    2.95569e+02
 Pres. DC (bar) Pressure (bar)   Constr. rmsd
   -2.15133e+02   -2.17245e+02    9.88656e-07

           Step           Time
         110000      220.00000

   Energies (kJ/mol)
           Bond            U-B    Proper Dih.  Improper Dih.          LJ-14
    2.63529e+01    6.13715e+01    7.98469e+01    1.26897e+00    1.15965e+01
     Coulomb-14        LJ (SR)  Disper. corr.   Coulomb (SR)   Coul. recip.
    5.45254e+02    4.27654e+03   -3.36390e+02   -4.07567e+04    2.17304e+02
      Potential    Kinetic En.   Total Energy  Conserved En.    Temperature
   -3.58736e+04    6.48662e+03   -2.93869e+04   -3.19713e+04    2.94123e+02
 Pres. DC (bar) Pressure (bar)   Constr. rmsd
   -2.14197e+02    2.70536e+02    7.12768e-07

           Step           Time
         115000      230.00000

   Energies (kJ/mol)
           Bond            U-B    Proper Dih.  Improper Dih.          LJ-14
    1.61207e+01    7.01342e+01    9.17365e+01    9.11282e-02    1.13593e+01
     Coulomb-14        LJ (SR)  Disper. corr.   Coulomb (SR)   Coul. recip.
    5.49471e+02    4.05673e+03   -3.34335e+02   -4.03710e+04    2.08331e+02
      Potential    Kinetic En.   Total Energy  Conserved En.    Temperature
   -3.57014e+04    6.53595e+03   -2.91654e+04   -3.19562e+04    2.96360e+02
 Pres. DC (bar) Pressure (bar)   Constr. rmsd
   -2.11590e+02    3.98726e+01    1.06874e-06

           Step           Time
         120000      240.00000

   Energies (kJ/mol)
           Bond            U-B    Proper Dih.  Improper Dih.          LJ-14
    3.60683e+01    8.07471e+01    6.24239e+01    1.47011e+00    1.90974e+01
     Coulomb-14        LJ (SR)  Disper. corr.   Coulomb (SR)   Coul. recip.
    5.40593e+02    4.14828e+03   -3.37759e+02   -4.02675e+04    2.23578e+02
      Potential    Kinetic En.   Total Energy  Conserved En.    Temperature
   -3.54930e+04    6.96368e+03   -2.85293e+04   -3.19583e+04    3.15754e+02
 Pres. DC (bar) Pressure (bar)   Constr. rmsd
   -2.15943e+02    5.05240e+02    1.10269e-06

           Step           Time
         125000      250.00000

   Energies (kJ/mol)
           Bond            U-B    Proper Dih.  Improper Dih.          LJ-14
    1.71080e+01    6.18190e+01    7.89560e+01    1.36656e-01    1.40434e+01
     Coulomb-14        LJ (SR)  Disper. corr.   Coulomb (SR)   Coul. recip.
    5.51927e+02    3.81384e+03   -3.38189e+02   -4.01548e+04    2.01183e+02
      Potential    Kinetic En.   Total Energy  Conserved En.    Temperature
   -3.57539e+04    6.57443e+03   -2.91795e+04   -3.19545e+04    2.98105e+02
 Pres. DC (bar) Pressure (bar)   Constr. rmsd
   -2.16491e+02   -4.60431e+02    7.55711e-07

           Step           Time
         130000      260.00000

   Energies (kJ/mol)
           Bond            U-B    Proper Dih.  Improper Dih.          LJ-14
    2.52640e+01    6.63839e+01    5.55106e+01    1.02719e+00    1.60943e+01
     Coulomb-14        LJ (SR)  Disper. corr.   Coulomb (SR)   Coul. recip.
    5.48076e+02    3.99465e+03   -3.37297e+02   -4.05017e+04    2.24094e+02
      Potential    Kinetic En.   Total Energy  Conserved En.    Temperature
   -3.59079e+04    6.43822e+03   -2.94697e+04   -3.19396e+04    2.91928e+02
 Pres. DC (bar) Pressure (bar)   Constr. rmsd
   -2.15353e+02   -2.01200e+02    2.87488e-06

           Step           Time
         135000      270.00000

   Energies (kJ/mol)
           Bond            U-B    Proper Dih.  Improper Dih.          LJ-14
    1.98005e+01    6.20553e+01    8.84896e+01    1.12368e+00    8.16188e+00
     Coulomb-14        LJ (SR)  Disper. corr.   Coulomb (SR)   Coul. recip.
    5.55082e+02    3.95541e+03   -3.38010e+02   -4.06495e+04    1.91597e+02
      Potential    Kinetic En.   Total Energy  Conserved En.    Temperature
   -3.61058e+04    6.65617e+03   -2.94496e+04   -3.19332e+04    3.01811e+02
 Pres. DC (bar) Pressure (bar)   Constr. rmsd
   -2.16262e+02   -6.34495e+02    7.49515e-07

           Step           Time
         140000      280.00000

   Energies (kJ/mol)
           Bond            U-B    Proper Dih.  Improper Dih.          LJ-14
    2.67240e+01    7.90063e+01    5.70786e+01    1.23601e-01    1.31847e+01
     Coulomb-14        LJ (SR)  Disper. corr.   Coulomb (SR)   Coul. recip.
    5.41387e+02    3.96270e+03   -3.40030e+02   -4.03722e+04    1.96220e+02
      Potential    Kinetic En.   Total Energy  Conserved En.    Temperature
   -3.58358e+04    6.61133e+03   -2.92245e+04   -3.19234e+04    2.99778e+02
 Pres. DC (bar) Pressure (bar)   Constr. rmsd
   -2.18853e+02   -5.48010e+01    1.50214e-06

           Step           Time
         145000      290.00000

   Energies (kJ/mol)
           Bond            U-B    Proper Dih.  Improper Dih.          LJ-14
    1.16059e+01    8.10489e+01    7.95005e+01    4.52591e-02    1.37368e+01
     Coulomb-14        LJ (SR)  Disper. corr.   Coulomb (SR)   Coul. recip.
    5.49394e+02    3.82628e+03   -3.40068e+02   -4.02332e+04    2.27304e+02
      Potential    Kinetic En.   Total Energy  Conserved En.    Temperature
   -3.57844e+04    6.58468e+03   -2.91997e+04   -3.19177e+04    2.98569e+02
 Pres. DC (bar) Pressure (bar)   Constr. rmsd
   -2.18901e+02   -1.80627e+02    7.56005e-07

           Step           Time
         150000      300.00000

   Energies (kJ/mol)
           Bond            U-B    Proper Dih.  Improper Dih.          LJ-14
    8.77378e+00    7.00153e+01    8.53873e+01    1.18867e+00    1.12916e+01
     Coulomb-14        LJ (SR)  Disper. corr.   Coulomb (SR)   Coul. recip.
    5.49159e+02    4.26951e+03   -3.36284e+02   -4.05812e+04    2.19714e+02
      Potential    Kinetic En.   Total Energy  Conserved En.    Temperature
   -3.57024e+04    6.46046e+03   -2.92419e+04   -3.19049e+04    2.92937e+02
 Pres. DC (bar) Pressure (bar)   Constr. rmsd
   -2.14063e+02    5.08142e+02    9.01489e-07

           Step           Time
         155000      310.00000

   Energies (kJ/mol)
           Bond            U-B    Proper Dih.  Improper Dih.          LJ-14
    2.40247e+01    6.43422e+01    8.13793e+01    3.62902e-02    6.50172e+00
     Coulomb-14        LJ (SR)  Disper. corr.   Coulomb (SR)   Coul. recip.
    5.59333e+02    4.48397e+03   -3.42813e+02   -4.12465e+04    2.16439e+02
      Potential    Kinetic En.   Total Energy  Conserved En.    Temperature
   -3.61533e+04    6.77423e+03   -2.93790e+04   -3.18955e+04    3.07164e+02
 Pres. DC (bar) Pressure (bar)   Constr. rmsd
   -2.22445e+02    7.63619e+02    5.45879e-07

           Step           Time
         160000      320.00000

   Energies (kJ/mol)
           Bond            U-B    Proper Dih.  Improper Dih.          LJ-14
    1.47856e+01    9.15727e+01    6.01125e+01    1.32729e+00    1.68480e+01
     Coulomb-14        LJ (SR)  Disper. corr.   Coulomb (SR)   Coul. recip.
    5.47015e+02    3.99016e+03   -3.37423e+02   -4.02479e+04    2.28928e+02
      Potential    Kinetic En.   Total Energy  Conserved En.    Temperature
   -3.56346e+04    6.63059e+03   -2.90040e+04   -3.18815e+04    3.00651e+02
 Pres. DC (bar) Pressure (bar)   Constr. rmsd
   -2.15513e+02   -1.56213e+02    1.04563e-06

           Step           Time
         165000      330.00000

   Energies (kJ/mol)
           Bond            U-B    Proper Dih.  Improper Dih.          LJ-14
    3.08733e+01    5.94620e+01    9.45179e+01    6.32883e-01    1.29393e+01
     Coulomb-14        LJ (SR)  Disper. corr.   Coulomb (SR)   Coul. recip.
    5.42672e+02    4.14398e+03   -3.33637e+02   -4.02489e+04    2.30472e+02
      Potential    Kinetic En.   Total Energy  Conserved En.    Temperature
   -3.54669e+04    6.45385e+03   -2.90131e+04   -3.18864e+04    2.92637e+02
 Pres. DC (bar) Pressure (bar)   Constr. rmsd
   -2.10710e+02    5.04275e+01    1.19395e-06

           Step           Time
         170000      340.00000

   Energies (kJ/mol)
           Bond            U-B    Proper Dih.  Improper Dih.          LJ-14
    1.75487e+01    7.87401e+01    6.59168e+01    1.69519e+00    1.17754e+01
     Coulomb-14        LJ (SR)  Disper. corr.   Coulomb (SR)   Coul. recip.
    5.47712e+02    4.07310e+03   -3.38216e+02   -4.07289e+04    2.10543e+02
      Potential    Kinetic En.   Total Energy  Conserved En.    Temperature
   -3.60600e+04    6.46115e+03   -2.95989e+04   -3.18849e+04    2.92968e+02
 Pres. DC (bar) Pressure (bar)   Constr. rmsd
   -2.16526e+02   -3.02050e+02    8.25637e-07

           Step           Time
         175000      350.00000

   Energies (kJ/mol)
           Bond            U-B    Proper Dih.  Improper Dih.          LJ-14
    2.23929e+01    9.85783e+01    6.14822e+01    2.16256e+00    8.06735e+00
     Coulomb-14        LJ (SR)  Disper. corr.   Coulomb (SR)   Coul. recip.
    5.34971e+02    3.78580e+03   -3.34904e+02   -3.99573e+04    2.18871e+02
      Potential    Kinetic En.   Total Energy  Conserved En.    Temperature
   -3.55599e+04    6.46344e+03   -2.90964e+04   -3.18758e+04    2.93072e+02
 Pres. DC (bar) Pressure (bar)   Constr. rmsd
   -2.12311e+02   -7.00273e+02    1.45620e-06

           Step           Time
         180000      360.00000

   Energies (kJ/mol)
           Bond            U-B    Proper Dih.  Improper Dih.          LJ-14
    1.84795e+01    5.24506e+01    8.63956e+01    9.93379e-01    1.01671e+01
     Coulomb-14        LJ (SR)  Disper. corr.   Coulomb (SR)   Coul. recip.
    5.60053e+02    3.74379e+03   -3.42680e+02   -4.01441e+04    2.00326e+02
      Potential    Kinetic En.   Total Energy  Conserved En.    Temperature
   -3.58141e+04    6.68595e+03   -2.91282e+04   -3.18612e+04    3.03161e+02
 Pres. DC (bar) Pressure (bar)   Constr. rmsd
   -2.22272e+02   -5.37626e+02    8.42146e-07

           Step           Time
         185000      370.00000

   Energies (kJ/mol)
           Bond            U-B    Proper Dih.  Improper Dih.          LJ-14
    1.60888e+01    7.60089e+01    6.53768e+01    4.44745e+00    2.21630e+01
     Coulomb-14        LJ (SR)  Disper. corr.   Coulomb (SR)   Coul. recip.
    5.61601e+02    3.96901e+03   -3.36851e+02   -4.01650e+04    1.95997e+02
      Potential    Kinetic En.   Total Energy  Conserved En.    Temperature
   -3.55911e+04    6.62485e+03   -2.89663e+04   -3.18507e+04    3.00391e+02
 Pres. DC (bar) Pressure (bar)   Constr. rmsd
   -2.14784e+02    9.64838e+01    3.23249e-06

           Step           Time
         190000      380.00000

   Energies (kJ/mol)
           Bond            U-B    Proper Dih.  Improper Dih.          LJ-14
    2.17942e+01    3.52523e+01    9.24959e+01    4.64662e+00    1.18236e+01
     Coulomb-14        LJ (SR)  Disper. corr.   Coulomb (SR)   Coul. recip.
    5.53010e+02    4.09035e+03   -3.40934e+02   -4.05109e+04    2.27435e+02
      Potential    Kinetic En.   Total Energy  Conserved En.    Temperature
   -3.58150e+04    6.56144e+03   -2.92535e+04   -3.18393e+04    2.97516e+02
 Pres. DC (bar) Pressure (bar)   Constr. rmsd
   -2.20016e+02    3.58856e+02    6.12581e-07

           Step           Time
         195000      390.00000

   Energies (kJ/mol)
           Bond            U-B    Proper Dih.  Improper Dih.          LJ-14
    1.53454e+01    6.95951e+01    8.24086e+01    3.64696e-01    1.33837e+01
     Coulomb-14        LJ (SR)  Disper. corr.   Coulomb (SR)   Coul. recip.
    5.46606e+02    4.09503e+03   -3.39085e+02   -4.07412e+04    2.29847e+02
      Potential    Kinetic En.   Total Energy  Conserved En.    Temperature
   -3.60277e+04    6.66415e+03   -2.93635e+04   -3.18334e+04    3.02173e+02
 Pres. DC (bar) Pressure (bar)   Constr. rmsd
   -2.17638e+02   -2.34381e+01    4.55888e-07

           Step           Time
         200000      400.00000

   Energies (kJ/mol)
           Bond            U-B    Proper Dih.  Improper Dih.          LJ-14
    2.19854e+01    6.05438e+01    6.90608e+01    6.93665e-01    2.45010e+01
     Coulomb-14        LJ (SR)  Disper. corr.   Coulomb (SR)   Coul. recip.
    5.65547e+02    3.95014e+03   -3.33064e+02   -4.04389e+04    1.98624e+02
      Potential    Kinetic En.   Total Energy  Conserved En.    Temperature
   -3.58809e+04    6.46977e+03   -2.94111e+04   -3.18193e+04    2.93359e+02
 Pres. DC (bar) Pressure (bar)   Constr. rmsd
   -2.09987e+02   -4.31354e+02    6.07485e-07

           Step           Time
         205000      410.00000

   Energies (kJ/mol)
           Bond            U-B    Proper Dih.  Improper Dih.          LJ-14
    9.97823e+00    6.56046e+01    7.24076e+01    2.83318e+00    1.78026e+01
     Coulomb-14        LJ (SR)  Disper. corr.   Coulomb (SR)   Coul. recip.
    5.52919e+02    4.24219e+03   -3.40166e+02   -4.08913e+04    2.10757e+02
      Potential    Kinetic En.   Total Energy  Conserved En.    Temperature
   -3.60569e+04    6.49102e+03   -2.95659e+04   -3.18128e+04    2.94322e+02
 Pres. DC (bar) Pressure (bar)   Constr. rmsd
   -2.19027e+02    3.39969e+02    1.08707e-06

           Step           Time
         210000      420.00000

   Energies (kJ/mol)
           Bond            U-B    Proper Dih.  Improper Dih.          LJ-14
    2.21649e+01    7.33090e+01    6.60543e+01    1.49631e-01    1.10927e+01
     Coulomb-14        LJ (SR)  Disper. corr.   Coulomb (SR)   Coul. recip.
    5.68123e+02    4.22298e+03   -3.36117e+02   -4.07646e+04    2.12440e+02
      Potential    Kinetic En.   Total Energy  Conserved En.    Temperature
   -3.59244e+04    6.65675e+03   -2.92676e+04   -3.18022e+04    3.01837e+02
 Pres. DC (bar) Pressure (bar)   Constr. rmsd
   -2.13850e+02    1.67503e+02    2.22162e-06

           Step           Time
         215000      430.00000

   Energies (kJ/mol)
           Bond            U-B    Proper Dih.  Improper Dih.          LJ-14
    3.20495e+01    8.36756e+01    7.28049e+01    2.00942e-01    9.05549e+00
     Coulomb-14        LJ (SR)  Disper. corr.   Coulomb (SR)   Coul. recip.
    5.61132e+02    3.83762e+03   -3.37036e+02   -4.02975e+04    2.18891e+02
      Potential    Kinetic En.   Total Energy  Conserved En.    Temperature
   -3.58191e+04    6.67484e+03   -2.91443e+04   -3.17936e+04    3.02657e+02
 Pres. DC (bar) Pressure (bar)   Constr. rmsd
   -2.15020e+02   -5.14030e+02    5.24301e-07

           Step           Time
         220000      440.00000

   Energies (kJ/mol)
           Bond            U-B    Proper Dih.  Improper Dih.          LJ-14
    2.27897e+01    9.30293e+01    6.34307e+01    2.05928e-01    9.08693e+00
     Coulomb-14        LJ (SR)  Disper. corr.   Coulomb (SR)   Coul. recip.
    5.53192e+02    3.69677e+03   -3.39252e+02   -3.98593e+04    2.23246e+02
      Potential    Kinetic En.   Total Energy  Conserved En.    Temperature
   -3.55368e+04    6.69852e+03   -2.88383e+04   -3.17744e+04    3.03731e+02
 Pres. DC (bar) Pressure (bar)   Constr. rmsd
   -2.17852e+02   -5.07034e+02    9.52743e-07

           Step           Time
         225000      450.00000

   Energies (kJ/mol)
           Bond            U-B    Proper Dih.  Improper Dih.          LJ-14
    9.05513e+00    1.12422e+02    6.04210e+01    2.85575e+00    1.52060e+01
     Coulomb-14        LJ (SR)  Disper. corr.   Coulomb (SR)   Coul. recip.
    5.43671e+02    4.29960e+03   -3.28451e+02   -4.03275e+04    2.28906e+02
      Potential    Kinetic En.   Total Energy  Conserved En.    Temperature
   -3.53838e+04    6.60564e+03   -2.87781e+04   -3.17514e+04    2.99520e+02
 Pres. DC (bar) Pressure (bar)   Constr. rmsd
   -2.04217e+02    3.84004e+02    1.04521e-06

           Step           Time
         230000      460.00000

   Energies (kJ/mol)
           Bond            U-B    Proper Dih.  Improper Dih.          LJ-14
    3.22539e+01    6.76079e+01    7.55271e+01    4.37258e-01    1.48014e+01
     Coulomb-14        LJ (SR)  Disper. corr.   Coulomb (SR)   Coul. recip.
    5.60386e+02    4.09383e+03   -3.31381e+02   -4.04555e+04    2.09020e+02
      Potential    Kinetic En.   Total Energy  Conserved En.    Temperature
   -3.57330e+04    6.48656e+03   -2.92465e+04   -3.17460e+04    2.94120e+02
 Pres. DC (bar) Pressure (bar)   Constr. rmsd
   -2.07873e+02   -2.54195e+02    2.22132e-06

           Step           Time
         235000      470.00000

   Energies (kJ/mol)
           Bond            U-B    Proper Dih.  Improper Dih.          LJ-14
    1.51618e+01    4.94261e+01    8.30181e+01    2.55600e+00    1.32157e+01
     Coulomb-14        LJ (SR)  Disper. corr.   Coulomb (SR)   Coul. recip.
    5.48106e+02    3.75825e+03   -3.35854e+02   -3.99516e+04    2.12921e+02
      Potential    Kinetic En.   Total Energy  Conserved En.    Temperature
   -3.56048e+04    6.44312e+03   -2.91617e+04   -3.17407e+04    2.92151e+02
 Pres. DC (bar) Pressure (bar)   Constr. rmsd
   -2.13515e+02   -5.39412e+02    6.49185e-07

Writing checkpoint, step 238900 at Wed May 19 06:27:07 2021


           Step           Time
         240000      480.00000

   Energies (kJ/mol)
           Bond            U-B    Proper Dih.  Improper Dih.          LJ-14
    1.71034e+01    4.89521e+01    9.23749e+01    4.34934e-02    1.01941e+01
     Coulomb-14        LJ (SR)  Disper. corr.   Coulomb (SR)   Coul. recip.
    5.47273e+02    4.27932e+03   -3.43467e+02   -4.06913e+04    1.93978e+02
      Potential    Kinetic En.   Total Energy  Conserved En.    Temperature
   -3.58455e+04    6.55810e+03   -2.92874e+04   -3.17393e+04    2.97364e+02
 Pres. DC (bar) Pressure (bar)   Constr. rmsd
   -2.23294e+02    8.04073e+02    4.64572e-07

           Step           Time
         245000      490.00000

   Energies (kJ/mol)
           Bond            U-B    Proper Dih.  Improper Dih.          LJ-14
    2.58522e+01    7.48076e+01    5.83280e+01    1.81666e-01    1.20776e+01
     Coulomb-14        LJ (SR)  Disper. corr.   Coulomb (SR)   Coul. recip.
    5.57445e+02    3.79662e+03   -3.35032e+02   -3.98631e+04    2.30320e+02
      Potential    Kinetic En.   Total Energy  Conserved En.    Temperature
   -3.54425e+04    6.45050e+03   -2.89920e+04   -3.17319e+04    2.92485e+02
 Pres. DC (bar) Pressure (bar)   Constr. rmsd
   -2.12473e+02   -2.72857e+02    5.52349e-07

           Step           Time
         250000      500.00000

   Energies (kJ/mol)
           Bond            U-B    Proper Dih.  Improper Dih.          LJ-14
    2.62684e+01    8.81872e+01    6.34048e+01    9.09228e-01    1.50717e+01
     Coulomb-14        LJ (SR)  Disper. corr.   Coulomb (SR)   Coul. recip.
    5.52979e+02    4.34614e+03   -3.38155e+02   -4.07193e+04    2.17429e+02
      Potential    Kinetic En.   Total Energy  Conserved En.    Temperature
   -3.57471e+04    6.73215e+03   -2.90149e+04   -3.17162e+04    3.05256e+02
 Pres. DC (bar) Pressure (bar)   Constr. rmsd
   -2.16449e+02    7.35597e+02    3.96494e-07

           Step           Time
         255000      510.00000

   Energies (kJ/mol)
           Bond            U-B    Proper Dih.  Improper Dih.          LJ-14
    3.15310e+01    6.57252e+01    7.15099e+01    4.99971e-01    1.90467e+01
     Coulomb-14        LJ (SR)  Disper. corr.   Coulomb (SR)   Coul. recip.
    5.70042e+02    3.83596e+03   -3.40751e+02   -4.04818e+04    2.15465e+02
      Potential    Kinetic En.   Total Energy  Conserved En.    Temperature
   -3.60128e+04    6.64530e+03   -2.93675e+04   -3.16990e+04    3.01318e+02
 Pres. DC (bar) Pressure (bar)   Constr. rmsd
   -2.19781e+02   -5.93955e+02    1.36197e-06

           Step           Time
         260000      520.00000

   Energies (kJ/mol)
           Bond            U-B    Proper Dih.  Improper Dih.          LJ-14
    2.31497e+01    8.32134e+01    6.24148e+01    6.29382e-01    1.89186e+01
     Coulomb-14        LJ (SR)  Disper. corr.   Coulomb (SR)   Coul. recip.
    5.45664e+02    4.17863e+03   -3.34550e+02   -4.06603e+04    2.04778e+02
      Potential    Kinetic En.   Total Energy  Conserved En.    Temperature
   -3.58774e+04    6.59918e+03   -2.92782e+04   -3.16859e+04    2.99227e+02
 Pres. DC (bar) Pressure (bar)   Constr. rmsd
   -2.11863e+02   -3.28544e+01    8.06592e-07

           Step           Time
         265000      530.00000

   Energies (kJ/mol)
           Bond            U-B    Proper Dih.  Improper Dih.          LJ-14
    7.66379e+00    8.44311e+01    7.46246e+01    6.38229e-01    2.28745e+01
     Coulomb-14        LJ (SR)  Disper. corr.   Coulomb (SR)   Coul. recip.
    5.70099e+02    4.22000e+03   -3.37546e+02   -4.07988e+04    2.09294e+02
      Potential    Kinetic En.   Total Energy  Conserved En.    Temperature
   -3.59467e+04    6.62662e+03   -2.93201e+04   -3.16876e+04    3.00471e+02
 Pres. DC (bar) Pressure (bar)   Constr. rmsd
   -2.15671e+02    2.21586e+02    2.96784e-06

           Step           Time
         270000      540.00000

   Energies (kJ/mol)
           Bond            U-B    Proper Dih.  Improper Dih.          LJ-14
    1.61529e+01    6.90034e+01    6.51861e+01    5.18314e-01    1.44857e+01
     Coulomb-14        LJ (SR)  Disper. corr.   Coulomb (SR)   Coul. recip.
    5.54468e+02    4.04858e+03   -3.38589e+02   -4.03189e+04    1.91880e+02
      Potential    Kinetic En.   Total Energy  Conserved En.    Temperature
   -3.56972e+04    6.42061e+03   -2.92766e+04   -3.16787e+04    2.91130e+02
 Pres. DC (bar) Pressure (bar)   Constr. rmsd
   -2.17003e+02    9.94724e+01    7.34855e-07

           Step           Time
         275000      550.00000

   Energies (kJ/mol)
           Bond            U-B    Proper Dih.  Improper Dih.          LJ-14
    1.89068e+01    8.47392e+01    7.12221e+01    8.14264e-01    1.19501e+01
     Coulomb-14        LJ (SR)  Disper. corr.   Coulomb (SR)   Coul. recip.
    5.42007e+02    3.88181e+03   -3.38380e+02   -4.00448e+04    2.02610e+02
      Potential    Kinetic En.   Total Energy  Conserved En.    Temperature
   -3.55691e+04    6.54787e+03   -2.90213e+04   -3.16739e+04    2.96900e+02
 Pres. DC (bar) Pressure (bar)   Constr. rmsd
   -2.16735e+02   -1.21000e+02    1.36993e-06

           Step           Time
         280000      560.00000

   Energies (kJ/mol)
           Bond            U-B    Proper Dih.  Improper Dih.          LJ-14
    1.82213e+01    6.17271e+01    7.79197e+01    5.84611e-01    2.33630e+01
     Coulomb-14        LJ (SR)  Disper. corr.   Coulomb (SR)   Coul. recip.
    5.72155e+02    3.67071e+03   -3.29282e+02   -3.99519e+04    2.24764e+02
      Potential    Kinetic En.   Total Energy  Conserved En.    Temperature
   -3.56318e+04    6.72963e+03   -2.89022e+04   -3.16677e+04    3.05142e+02
 Pres. DC (bar) Pressure (bar)   Constr. rmsd
   -2.05251e+02   -8.47232e+02    1.87908e-06

           Step           Time
         285000      570.00000

   Energies (kJ/mol)
           Bond            U-B    Proper Dih.  Improper Dih.          LJ-14
    8.08317e+00    8.85452e+01    6.79561e+01    3.22234e-02    1.53157e+01
     Coulomb-14        LJ (SR)  Disper. corr.   Coulomb (SR)   Coul. recip.
    5.69914e+02    4.10267e+03   -3.39440e+02   -4.04998e+04    2.05189e+02
      Potential    Kinetic En.   Total Energy  Conserved En.    Temperature
   -3.57815e+04    6.59183e+03   -2.91897e+04   -3.16598e+04    2.98894e+02
 Pres. DC (bar) Pressure (bar)   Constr. rmsd
   -2.18094e+02    2.61715e+02    1.51421e-06

           Step           Time
         290000      580.00000

   Energies (kJ/mol)
           Bond            U-B    Proper Dih.  Improper Dih.          LJ-14
    1.52952e+01    4.06281e+01    8.85021e+01    4.45745e-01    1.49693e+01
     Coulomb-14        LJ (SR)  Disper. corr.   Coulomb (SR)   Coul. recip.
    5.52938e+02    4.14299e+03   -3.35614e+02   -4.05051e+04    2.16525e+02
      Potential    Kinetic En.   Total Energy  Conserved En.    Temperature
   -3.57684e+04    6.53807e+03   -2.92304e+04   -3.16532e+04    2.96456e+02
 Pres. DC (bar) Pressure (bar)   Constr. rmsd
   -2.13211e+02    1.43510e+02    1.99108e-06

           Step           Time
         295000      590.00000

   Energies (kJ/mol)
           Bond            U-B    Proper Dih.  Improper Dih.          LJ-14
    2.97494e+01    4.99269e+01    7.43389e+01    3.79715e-02    1.16814e+01
     Coulomb-14        LJ (SR)  Disper. corr.   Coulomb (SR)   Coul. recip.
    5.54341e+02    3.94992e+03   -3.37134e+02   -4.05214e+04    2.31894e+02
      Potential    Kinetic En.   Total Energy  Conserved En.    Temperature
   -3.59566e+04    6.71204e+03   -2.92446e+04   -3.16535e+04    3.04344e+02
 Pres. DC (bar) Pressure (bar)   Constr. rmsd
   -2.15144e+02   -5.45552e+02    1.13816e-06

           Step           Time
         300000      600.00000

   Energies (kJ/mol)
           Bond            U-B    Proper Dih.  Improper Dih.          LJ-14
    1.82713e+01    7.96082e+01    6.20491e+01    7.27006e+00    2.47696e+01
     Coulomb-14        LJ (SR)  Disper. corr.   Coulomb (SR)   Coul. recip.
    5.71879e+02    3.80162e+03   -3.37174e+02   -4.00566e+04    2.17319e+02
      Potential    Kinetic En.   Total Energy  Conserved En.    Temperature
   -3.56110e+04    6.43556e+03   -2.91754e+04   -3.16394e+04    2.91808e+02
 Pres. DC (bar) Pressure (bar)   Constr. rmsd
   -2.15195e+02   -4.28051e+02    9.32722e-07

           Step           Time
         305000      610.00000

   Energies (kJ/mol)
           Bond            U-B    Proper Dih.  Improper Dih.          LJ-14
    2.41596e+01    8.47142e+01    6.03200e+01    3.26978e+00    7.55303e+00
     Coulomb-14        LJ (SR)  Disper. corr.   Coulomb (SR)   Coul. recip.
    5.62986e+02    3.96342e+03   -3.38078e+02   -4.03050e+04    2.15195e+02
      Potential    Kinetic En.   Total Energy  Conserved En.    Temperature
   -3.57214e+04    6.73833e+03   -2.89831e+04   -3.16283e+04    3.05536e+02
 Pres. DC (bar) Pressure (bar)   Constr. rmsd
   -2.16349e+02   -1.29189e+02    9.32722e-07

           Step           Time
         310000      620.00000

   Energies (kJ/mol)
           Bond            U-B    Proper Dih.  Improper Dih.          LJ-14
    2.91772e+01    6.78611e+01    6.92477e+01    1.15638e-01    1.89501e+01
     Coulomb-14        LJ (SR)  Disper. corr.   Coulomb (SR)   Coul. recip.
    6.48394e+02    3.93955e+03   -3.38970e+02   -4.02684e+04    2.31153e+02
      Potential    Kinetic En.   Total Energy  Conserved En.    Temperature
   -3.56029e+04    6.59677e+03   -2.90062e+04   -3.16133e+04    2.99117e+02
 Pres. DC (bar) Pressure (bar)   Constr. rmsd
   -2.17491e+02   -5.69452e+01    5.01353e-07

           Step           Time
         315000      630.00000

   Energies (kJ/mol)
           Bond            U-B    Proper Dih.  Improper Dih.          LJ-14
    1.75183e+01    6.37684e+01    8.17225e+01    2.35008e-01    1.00534e+01
     Coulomb-14        LJ (SR)  Disper. corr.   Coulomb (SR)   Coul. recip.
    6.05998e+02    4.31536e+03   -3.39112e+02   -4.07222e+04    2.15028e+02
      Potential    Kinetic En.   Total Energy  Conserved En.    Temperature
   -3.57516e+04    6.74606e+03   -2.90055e+04   -3.16091e+04    3.05887e+02
 Pres. DC (bar) Pressure (bar)   Constr. rmsd
   -2.17673e+02    8.24895e+02    7.24815e-07

           Step           Time
         320000      640.00000

   Energies (kJ/mol)
           Bond            U-B    Proper Dih.  Improper Dih.          LJ-14
    1.28479e+01    1.03081e+02    5.71050e+01    3.74867e-01    7.60074e+00
     Coulomb-14        LJ (SR)  Disper. corr.   Coulomb (SR)   Coul. recip.
    6.18549e+02    4.08409e+03   -3.40941e+02   -4.05096e+04    2.14593e+02
      Potential    Kinetic En.   Total Energy  Conserved En.    Temperature
   -3.57523e+04    6.44132e+03   -2.93109e+04   -3.15874e+04    2.92069e+02
 Pres. DC (bar) Pressure (bar)   Constr. rmsd
   -2.20026e+02    3.78809e+02    2.00120e-06

           Step           Time
         325000      650.00000

   Energies (kJ/mol)
           Bond            U-B    Proper Dih.  Improper Dih.          LJ-14
    2.82289e+01    7.62954e+01    6.74731e+01    2.32055e-01    8.33613e+00
     Coulomb-14        LJ (SR)  Disper. corr.   Coulomb (SR)   Coul. recip.
    6.10498e+02    3.74376e+03   -3.39660e+02   -4.01981e+04    2.06116e+02
      Potential    Kinetic En.   Total Energy  Conserved En.    Temperature
   -3.57968e+04    6.58576e+03   -2.92111e+04   -3.15771e+04    2.98618e+02
 Pres. DC (bar) Pressure (bar)   Constr. rmsd
   -2.18376e+02   -7.21823e+02    5.06639e-07

           Step           Time
         330000      660.00000

   Energies (kJ/mol)
           Bond            U-B    Proper Dih.  Improper Dih.          LJ-14
    1.50177e+01    8.43822e+01    6.61946e+01    5.47578e-02    2.18239e+01
     Coulomb-14        LJ (SR)  Disper. corr.   Coulomb (SR)   Coul. recip.
    6.14726e+02    4.22185e+03   -3.41734e+02   -4.11618e+04    2.10707e+02
      Potential    Kinetic En.   Total Energy  Conserved En.    Temperature
   -3.62688e+04    6.77734e+03   -2.94914e+04   -3.15718e+04    3.07305e+02
 Pres. DC (bar) Pressure (bar)   Constr. rmsd
   -2.21049e+02    4.21687e+02    5.89679e-07

           Step           Time
         335000      670.00000

   Energies (kJ/mol)
           Bond            U-B    Proper Dih.  Improper Dih.          LJ-14
    2.63960e+01    4.81609e+01    8.07141e+01    6.09668e-04    1.81540e+01
     Coulomb-14        LJ (SR)  Disper. corr.   Coulomb (SR)   Coul. recip.
    6.26855e+02    4.29451e+03   -3.39140e+02   -4.10354e+04    2.09021e+02
      Potential    Kinetic En.   Total Energy  Conserved En.    Temperature
   -3.60708e+04    6.25029e+03   -2.98205e+04   -3.15646e+04    2.83407e+02
 Pres. DC (bar) Pressure (bar)   Constr. rmsd
   -2.17710e+02    4.10983e+02    8.43464e-07

           Step           Time
         340000      680.00000

   Energies (kJ/mol)
           Bond            U-B    Proper Dih.  Improper Dih.          LJ-14
    2.18642e+01    5.78028e+01    8.85242e+01    3.50228e+00    1.48203e+01
     Coulomb-14        LJ (SR)  Disper. corr.   Coulomb (SR)   Coul. recip.
    6.51473e+02    4.37612e+03   -3.42380e+02   -4.10439e+04    2.05787e+02
      Potential    Kinetic En.   Total Energy  Conserved En.    Temperature
   -3.59663e+04    6.81807e+03   -2.91483e+04   -3.15683e+04    3.09152e+02
 Pres. DC (bar) Pressure (bar)   Constr. rmsd
   -2.21884e+02    7.94690e+02    7.65345e-07

           Step           Time
         345000      690.00000

   Energies (kJ/mol)
           Bond            U-B    Proper Dih.  Improper Dih.          LJ-14
    1.36661e+01    7.80027e+01    7.41684e+01    9.35386e-01    1.47960e+01
     Coulomb-14        LJ (SR)  Disper. corr.   Coulomb (SR)   Coul. recip.
    5.88794e+02    4.16745e+03   -3.43718e+02   -4.05478e+04    2.12201e+02
      Potential    Kinetic En.   Total Energy  Conserved En.    Temperature
   -3.57415e+04    6.43525e+03   -2.93062e+04   -3.15600e+04    2.91794e+02
 Pres. DC (bar) Pressure (bar)   Constr. rmsd
   -2.23619e+02    6.80818e+02    2.61319e-06

           Step           Time
         350000      700.00000

   Energies (kJ/mol)
           Bond            U-B    Proper Dih.  Improper Dih.          LJ-14
    1.46222e+01    6.37953e+01    8.38233e+01    2.00258e+00    1.04273e+01
     Coulomb-14        LJ (SR)  Disper. corr.   Coulomb (SR)   Coul. recip.
    6.08958e+02    4.03439e+03   -3.37712e+02   -4.00104e+04    2.10466e+02
      Potential    Kinetic En.   Total Energy  Conserved En.    Temperature
   -3.53196e+04    6.56609e+03   -2.87535e+04   -3.15554e+04    2.97726e+02
 Pres. DC (bar) Pressure (bar)   Constr. rmsd
   -2.15882e+02    3.43429e+02    9.17118e-07

           Step           Time
         355000      710.00000

   Energies (kJ/mol)
           Bond            U-B    Proper Dih.  Improper Dih.          LJ-14
    1.58682e+01    6.43984e+01    8.45190e+01    2.58100e+00    6.95442e+00
     Coulomb-14        LJ (SR)  Disper. corr.   Coulomb (SR)   Coul. recip.
    5.90989e+02    3.89367e+03   -3.37873e+02   -4.05311e+04    2.21168e+02
      Potential    Kinetic En.   Total Energy  Conserved En.    Temperature
   -3.59888e+04    6.48135e+03   -2.95075e+04   -3.15487e+04    2.93884e+02
 Pres. DC (bar) Pressure (bar)   Constr. rmsd
   -2.16088e+02   -7.69351e+02    6.99879e-07

           Step           Time
         360000      720.00000

   Energies (kJ/mol)
           Bond            U-B    Proper Dih.  Improper Dih.          LJ-14
    2.16155e+01    5.82228e+01    9.34867e+01    9.57361e-02    9.41110e+00
     Coulomb-14        LJ (SR)  Disper. corr.   Coulomb (SR)   Coul. recip.
    6.13732e+02    4.24724e+03   -3.37474e+02   -4.07620e+04    2.24869e+02
      Potential    Kinetic En.   Total Energy  Conserved En.    Temperature
   -3.58308e+04    6.66708e+03   -2.91638e+04   -3.15477e+04    3.02306e+02
 Pres. DC (bar) Pressure (bar)   Constr. rmsd
   -2.15578e+02    2.94802e+02    1.53764e-06

           Step           Time
         365000      730.00000

   Energies (kJ/mol)
           Bond            U-B    Proper Dih.  Improper Dih.          LJ-14
    2.54708e+01    5.81466e+01    7.22550e+01    6.15710e-01    6.77069e+00
     Coulomb-14        LJ (SR)  Disper. corr.   Coulomb (SR)   Coul. recip.
    6.19278e+02    4.22572e+03   -3.40923e+02   -4.09257e+04    2.05095e+02
      Potential    Kinetic En.   Total Energy  Conserved En.    Temperature
   -3.60533e+04    6.26455e+03   -2.97887e+04   -3.15256e+04    2.84054e+02
 Pres. DC (bar) Pressure (bar)   Constr. rmsd
   -2.20002e+02    1.63107e+02    5.91934e-07

           Step           Time
         370000      740.00000

   Energies (kJ/mol)
           Bond            U-B    Proper Dih.  Improper Dih.          LJ-14
    1.34438e+01    9.90306e+01    7.16226e+01    2.30104e+00    7.09765e+00
     Coulomb-14        LJ (SR)  Disper. corr.   Coulomb (SR)   Coul. recip.
    6.13779e+02    3.87893e+03   -3.41341e+02   -4.01340e+04    2.12369e+02
      Potential    Kinetic En.   Total Energy  Conserved En.    Temperature
   -3.55767e+04    6.85200e+03   -2.87247e+04   -3.15277e+04    3.10690e+02
 Pres. DC (bar) Pressure (bar)   Constr. rmsd
   -2.20541e+02    4.15983e+01    4.28263e-07

           Step           Time
         375000      750.00000

   Energies (kJ/mol)
           Bond            U-B    Proper Dih.  Improper Dih.          LJ-14
    2.00028e+01    8.26651e+01    7.56228e+01    1.77655e+00    1.24102e+01
     Coulomb-14        LJ (SR)  Disper. corr.   Coulomb (SR)   Coul. recip.
    6.32144e+02    4.17417e+03   -3.32346e+02   -4.05719e+04    2.45867e+02
      Potential    Kinetic En.   Total Energy  Conserved En.    Temperature
   -3.56596e+04    6.49704e+03   -2.91625e+04   -3.15188e+04    2.94596e+02
 Pres. DC (bar) Pressure (bar)   Constr. rmsd
   -2.09083e+02    1.14233e+02    5.88926e-07

           Step           Time
         380000      760.00000

   Energies (kJ/mol)
           Bond            U-B    Proper Dih.  Improper Dih.          LJ-14
    1.83570e+01    7.59845e+01    8.18773e+01    9.20650e-01    1.61293e+01
     Coulomb-14        LJ (SR)  Disper. corr.   Coulomb (SR)   Coul. recip.
    5.98982e+02    3.75469e+03   -3.40135e+02   -3.99782e+04    2.13802e+02
      Potential    Kinetic En.   Total Energy  Conserved En.    Temperature
   -3.55576e+04    6.47590e+03   -2.90817e+04   -3.15119e+04    2.93637e+02
 Pres. DC (bar) Pressure (bar)   Constr. rmsd
   -2.18988e+02   -5.24135e+02    2.46063e-06

           Step           Time
         385000      770.00000

   Energies (kJ/mol)
           Bond            U-B    Proper Dih.  Improper Dih.          LJ-14
    2.50510e+01    5.91527e+01    8.78026e+01    8.40144e-02    1.77759e+01
     Coulomb-14        LJ (SR)  Disper. corr.   Coulomb (SR)   Coul. recip.
    6.30920e+02    3.97865e+03   -3.34597e+02   -4.00881e+04    2.28108e+02
      Potential    Kinetic En.   Total Energy  Conserved En.    Temperature
   -3.53951e+04    6.62923e+03   -2.87659e+04   -3.14993e+04    3.00589e+02
 Pres. DC (bar) Pressure (bar)   Constr. rmsd
   -2.11923e+02   -1.56535e+02    4.88235e-06

           Step           Time
         390000      780.00000

   Energies (kJ/mol)
           Bond            U-B    Proper Dih.  Improper Dih.          LJ-14
    2.28109e+01    1.03383e+02    7.26617e+01    3.04902e-02    1.07838e+01
     Coulomb-14        LJ (SR)  Disper. corr.   Coulomb (SR)   Coul. recip.
    5.89982e+02    3.95013e+03   -3.39007e+02   -4.02137e+04    2.11848e+02
      Potential    Kinetic En.   Total Energy  Conserved En.    Temperature
   -3.55911e+04    6.91544e+03   -2.86756e+04   -3.14861e+04    3.13567e+02
 Pres. DC (bar) Pressure (bar)   Constr. rmsd
   -2.17539e+02   -2.40502e+01    6.95423e-07

           Step           Time
         395000      790.00000

   Energies (kJ/mol)
           Bond            U-B    Proper Dih.  Improper Dih.          LJ-14
    3.70191e+01    8.15618e+01    7.23506e+01    1.50407e+00    4.31793e+00
     Coulomb-14        LJ (SR)  Disper. corr.   Coulomb (SR)   Coul. recip.
    5.58291e+02    3.78706e+03   -3.42196e+02   -4.00210e+04    2.28866e+02
      Potential    Kinetic En.   Total Energy  Conserved En.    Temperature
   -3.55922e+04    6.70616e+03   -2.88861e+04   -3.14857e+04    3.04078e+02
 Pres. DC (bar) Pressure (bar)   Constr. rmsd
   -2.21645e+02   -3.75084e+02    1.33895e-06

           Step           Time
         400000      800.00000

   Energies (kJ/mol)
           Bond            U-B    Proper Dih.  Improper Dih.          LJ-14
    2.02767e+01    7.39929e+01    7.73738e+01    1.18197e+00    1.73228e+01
     Coulomb-14        LJ (SR)  Disper. corr.   Coulomb (SR)   Coul. recip.
    5.64449e+02    4.33770e+03   -3.39379e+02   -4.09798e+04    1.99415e+02
      Potential    Kinetic En.   Total Energy  Conserved En.    Temperature
   -3.60274e+04    6.65891e+03   -2.93685e+04   -3.14805e+04    3.01935e+02
 Pres. DC (bar) Pressure (bar)   Constr. rmsd
   -2.18016e+02    6.05188e+02    3.90285e-07

           Step           Time
         405000      810.00000

   Energies (kJ/mol)
           Bond            U-B    Proper Dih.  Improper Dih.          LJ-14
    1.93041e+01    8.22016e+01    6.87518e+01    1.49948e-02    1.57566e+01
     Coulomb-14        LJ (SR)  Disper. corr.   Coulomb (SR)   Coul. recip.
    5.71787e+02    4.28247e+03   -3.34250e+02   -4.06143e+04    2.21935e+02
      Potential    Kinetic En.   Total Energy  Conserved En.    Temperature
   -3.56864e+04    6.67337e+03   -2.90130e+04   -3.14756e+04    3.02591e+02
 Pres. DC (bar) Pressure (bar)   Constr. rmsd
   -2.11484e+02    5.47190e+02    2.81762e-06

           Step           Time
         410000      820.00000

   Energies (kJ/mol)
           Bond            U-B    Proper Dih.  Improper Dih.          LJ-14
    1.53893e+01    8.94990e+01    7.51633e+01    5.29522e-02    8.81662e+00
     Coulomb-14        LJ (SR)  Disper. corr.   Coulomb (SR)   Coul. recip.
    5.60772e+02    4.20094e+03   -3.37184e+02   -4.01573e+04    1.82743e+02
      Potential    Kinetic En.   Total Energy  Conserved En.    Temperature
   -3.53611e+04    6.70582e+03   -2.86553e+04   -3.14741e+04    3.04062e+02
 Pres. DC (bar) Pressure (bar)   Constr. rmsd
   -2.15209e+02    6.59263e+02    8.13991e-07

           Step           Time
         415000      830.00000

   Energies (kJ/mol)
           Bond            U-B    Proper Dih.  Improper Dih.          LJ-14
    2.18776e+01    5.25154e+01    8.88387e+01    1.01588e-01    9.36211e+00
     Coulomb-14        LJ (SR)  Disper. corr.   Coulomb (SR)   Coul. recip.
    5.66285e+02    3.83060e+03   -3.32998e+02   -4.03935e+04    2.19295e+02
      Potential    Kinetic En.   Total Energy  Conserved En.    Temperature
   -3.59377e+04    6.60946e+03   -2.93282e+04   -3.14659e+04    2.99693e+02
 Pres. DC (bar) Pressure (bar)   Constr. rmsd
   -2.09905e+02   -7.71367e+02    5.37682e-07

           Step           Time
         420000      840.00000

   Energies (kJ/mol)
           Bond            U-B    Proper Dih.  Improper Dih.          LJ-14
    2.19430e+01    5.98604e+01    9.83279e+01    3.98926e-02    1.78799e+01
     Coulomb-14        LJ (SR)  Disper. corr.   Coulomb (SR)   Coul. recip.
    5.71763e+02    4.18639e+03   -3.36402e+02   -4.05959e+04    2.11025e+02
      Potential    Kinetic En.   Total Energy  Conserved En.    Temperature
   -3.57651e+04    6.65347e+03   -2.91116e+04   -3.14466e+04    3.01688e+02
 Pres. DC (bar) Pressure (bar)   Constr. rmsd
   -2.14213e+02    5.31340e+02    3.43697e-07

           Step           Time
         425000      850.00000

   Energies (kJ/mol)
           Bond            U-B    Proper Dih.  Improper Dih.          LJ-14
    1.97774e+01    7.37746e+01    8.21636e+01    6.63839e-01    1.08027e+01
     Coulomb-14        LJ (SR)  Disper. corr.   Coulomb (SR)   Coul. recip.
    5.58533e+02    4.36749e+03   -3.31707e+02   -4.06821e+04    2.18494e+02
      Potential    Kinetic En.   Total Energy  Conserved En.    Temperature
   -3.56821e+04    6.44784e+03   -2.92343e+04   -3.14441e+04    2.92364e+02
 Pres. DC (bar) Pressure (bar)   Constr. rmsd
   -2.08282e+02    5.35970e+02    2.98767e-07

           Step           Time
         430000      860.00000

   Energies (kJ/mol)
           Bond            U-B    Proper Dih.  Improper Dih.          LJ-14
    1.67696e+01    8.39746e+01    6.37092e+01    1.38187e-01    1.15565e+01
     Coulomb-14        LJ (SR)  Disper. corr.   Coulomb (SR)   Coul. recip.
    5.68714e+02    3.88734e+03   -3.37315e+02   -3.99332e+04    2.21542e+02
      Potential    Kinetic En.   Total Energy  Conserved En.    Temperature
   -3.54167e+04    6.82914e+03   -2.85876e+04   -3.14305e+04    3.09654e+02
 Pres. DC (bar) Pressure (bar)   Constr. rmsd
   -2.15375e+02    5.24761e+01    1.03100e-05

           Step           Time
         435000      870.00000

   Energies (kJ/mol)
           Bond            U-B    Proper Dih.  Improper Dih.          LJ-14
    3.25936e+01    6.38727e+01    7.84252e+01    2.02489e+00    1.08207e+01
     Coulomb-14        LJ (SR)  Disper. corr.   Coulomb (SR)   Coul. recip.
    5.79216e+02    4.06358e+03   -3.36450e+02   -4.02101e+04    2.01778e+02
      Potential    Kinetic En.   Total Energy  Conserved En.    Temperature
   -3.55142e+04    6.69670e+03   -2.88175e+04   -3.14220e+04    3.03649e+02
 Pres. DC (bar) Pressure (bar)   Constr. rmsd
   -2.14274e+02    6.65230e+01    7.87932e-07

           Step           Time
         440000      880.00000

   Energies (kJ/mol)
           Bond            U-B    Proper Dih.  Improper Dih.          LJ-14
    3.30457e+01    8.68147e+01    7.06552e+01    2.38454e+00    1.58082e+01
     Coulomb-14        LJ (SR)  Disper. corr.   Coulomb (SR)   Coul. recip.
    5.66509e+02    3.64147e+03   -3.39610e+02   -4.01733e+04    2.11081e+02
      Potential    Kinetic En.   Total Energy  Conserved En.    Temperature
   -3.58851e+04    6.74927e+03   -2.91358e+04   -3.14131e+04    3.06032e+02
 Pres. DC (bar) Pressure (bar)   Constr. rmsd
   -2.18313e+02   -1.05309e+03    4.36479e-07

           Step           Time
         445000      890.00000

   Energies (kJ/mol)
           Bond            U-B    Proper Dih.  Improper Dih.          LJ-14
    7.68579e+00    7.29438e+01    7.58617e+01    4.26020e-01    1.09267e+01
     Coulomb-14        LJ (SR)  Disper. corr.   Coulomb (SR)   Coul. recip.
    5.78447e+02    4.05380e+03   -3.35862e+02   -4.05074e+04    2.10335e+02
      Potential    Kinetic En.   Total Energy  Conserved En.    Temperature
   -3.58329e+04    6.89461e+03   -2.89383e+04   -3.14021e+04    3.12623e+02
 Pres. DC (bar) Pressure (bar)   Constr. rmsd
   -2.13525e+02    1.44182e+02    3.39197e-06

           Step           Time
         450000      900.00000

   Energies (kJ/mol)
           Bond            U-B    Proper Dih.  Improper Dih.          LJ-14
    2.51493e+01    4.36090e+01    9.54990e+01    9.59205e-02    4.09848e+00
     Coulomb-14        LJ (SR)  Disper. corr.   Coulomb (SR)   Coul. recip.
    5.73535e+02    4.55275e+03   -3.39695e+02   -4.09572e+04    1.81383e+02
      Potential    Kinetic En.   Total Energy  Conserved En.    Temperature
   -3.58208e+04    6.68560e+03   -2.91352e+04   -3.13932e+04    3.03145e+02
 Pres. DC (bar) Pressure (bar)   Constr. rmsd
   -2.18421e+02    1.40961e+03    5.06201e-07

           Step           Time
         455000      910.00000

   Energies (kJ/mol)
           Bond            U-B    Proper Dih.  Improper Dih.          LJ-14
    2.24273e+01    7.01824e+01    6.21049e+01    6.45807e-01    8.51035e+00
     Coulomb-14        LJ (SR)  Disper. corr.   Coulomb (SR)   Coul. recip.
    5.58676e+02    4.30214e+03   -3.32656e+02   -4.06101e+04    2.08012e+02
      Potential    Kinetic En.   Total Energy  Conserved En.    Temperature
   -3.57101e+04    6.53499e+03   -2.91751e+04   -3.13820e+04    2.96316e+02
 Pres. DC (bar) Pressure (bar)   Constr. rmsd
   -2.09474e+02    2.48689e+02    1.03023e-06

           Step           Time
         460000      920.00000

   Energies (kJ/mol)
           Bond            U-B    Proper Dih.  Improper Dih.          LJ-14
    1.41668e+01    6.74717e+01    7.46975e+01    3.11269e-02    8.21020e+00
     Coulomb-14        LJ (SR)  Disper. corr.   Coulomb (SR)   Coul. recip.
    5.60332e+02    4.50214e+03   -3.37983e+02   -4.10521e+04    1.99381e+02
      Potential    Kinetic En.   Total Energy  Conserved En.    Temperature
   -3.59636e+04    6.58579e+03   -2.93779e+04   -3.13721e+04    2.98620e+02
 Pres. DC (bar) Pressure (bar)   Constr. rmsd
   -2.16228e+02    9.46702e+02    6.98291e-07

           Step           Time
         465000      930.00000

   Energies (kJ/mol)
           Bond            U-B    Proper Dih.  Improper Dih.          LJ-14
    2.39159e+01    7.04472e+01    8.33315e+01    5.50790e+00    6.93231e+00
     Coulomb-14        LJ (SR)  Disper. corr.   Coulomb (SR)   Coul. recip.
    5.70383e+02    4.45318e+03   -3.34807e+02   -4.08538e+04    2.34209e+02
      Potential    Kinetic En.   Total Energy  Conserved En.    Temperature
   -3.57407e+04    6.80988e+03   -2.89308e+04   -3.13642e+04    3.08780e+02
 Pres. DC (bar) Pressure (bar)   Constr. rmsd
   -2.12188e+02    7.39986e+02    7.67084e-07

           Step           Time
         470000      940.00000

   Energies (kJ/mol)
           Bond            U-B    Proper Dih.  Improper Dih.          LJ-14
    2.21166e+01    4.71894e+01    9.38548e+01    7.34234e-01    1.20102e+01
     Coulomb-14        LJ (SR)  Disper. corr.   Coulomb (SR)   Coul. recip.
    5.82751e+02    3.98123e+03   -3.38650e+02   -4.02794e+04    2.20773e+02
      Potential    Kinetic En.   Total Energy  Conserved En.    Temperature
   -3.56574e+04    6.43066e+03   -2.92267e+04   -3.13485e+04    2.91585e+02
 Pres. DC (bar) Pressure (bar)   Constr. rmsd
   -2.17082e+02    5.02034e+01    7.64765e-07

           Step           Time
         475000      950.00000

   Energies (kJ/mol)
           Bond            U-B    Proper Dih.  Improper Dih.          LJ-14
    2.44682e+01    7.87928e+01    8.59194e+01    7.23446e-02    5.97636e+00
     Coulomb-14        LJ (SR)  Disper. corr.   Coulomb (SR)   Coul. recip.
    5.56443e+02    3.92095e+03   -3.37152e+02   -4.01151e+04    2.08980e+02
      Potential    Kinetic En.   Total Energy  Conserved En.    Temperature
   -3.55706e+04    6.48750e+03   -2.90831e+04   -3.13531e+04    2.94163e+02
 Pres. DC (bar) Pressure (bar)   Constr. rmsd
   -2.15168e+02   -2.69383e+02    7.14945e-07

           Step           Time
         480000      960.00000

   Energies (kJ/mol)
           Bond            U-B    Proper Dih.  Improper Dih.          LJ-14
    2.91183e+01    9.18780e+01    6.33887e+01    1.52741e+00    1.51502e+01
     Coulomb-14        LJ (SR)  Disper. corr.   Coulomb (SR)   Coul. recip.
    5.55179e+02    4.42545e+03   -3.39320e+02   -4.05527e+04    2.21615e+02
      Potential    Kinetic En.   Total Energy  Conserved En.    Temperature
   -3.54887e+04    6.62519e+03   -2.88635e+04   -3.13487e+04    3.00406e+02
 Pres. DC (bar) Pressure (bar)   Constr. rmsd
   -2.17940e+02    9.60674e+02    9.69607e-07

           Step           Time
         485000      970.00000

   Energies (kJ/mol)
           Bond            U-B    Proper Dih.  Improper Dih.          LJ-14
    1.48893e+01    8.89229e+01    6.82613e+01    1.54763e-01    5.26211e+00
     Coulomb-14        LJ (SR)  Disper. corr.   Coulomb (SR)   Coul. recip.
    5.63289e+02    4.33445e+03   -3.38180e+02   -4.08074e+04    2.15340e+02
      Potential    Kinetic En.   Total Energy  Conserved En.    Temperature
   -3.58550e+04    6.66675e+03   -2.91882e+04   -3.13479e+04    3.02291e+02
 Pres. DC (bar) Pressure (bar)   Constr. rmsd
   -2.16480e+02    7.07043e+02    1.88026e-06

           Step           Time
         490000      980.00000

   Energies (kJ/mol)
           Bond            U-B    Proper Dih.  Improper Dih.          LJ-14
    1.89661e+01    8.99484e+01    6.92059e+01    1.16229e+00    5.21501e+00
     Coulomb-14        LJ (SR)  Disper. corr.   Coulomb (SR)   Coul. recip.
    5.75381e+02    3.89475e+03   -3.42917e+02   -4.03013e+04    2.29314e+02
      Potential    Kinetic En.   Total Energy  Conserved En.    Temperature
   -3.57603e+04    6.61628e+03   -2.91440e+04   -3.13378e+04    3.00002e+02
 Pres. DC (bar) Pressure (bar)   Constr. rmsd
   -2.22580e+02   -1.66335e+02    1.96062e-06

           Step           Time
         495000      990.00000

   Energies (kJ/mol)
           Bond            U-B    Proper Dih.  Improper Dih.          LJ-14
    1.48203e+01    5.41111e+01    9.09786e+01    1.37024e+00    1.26176e+01
     Coulomb-14        LJ (SR)  Disper. corr.   Coulomb (SR)   Coul. recip.
    5.66740e+02    3.78718e+03   -3.40098e+02   -3.98575e+04    2.15623e+02
      Potential    Kinetic En.   Total Energy  Conserved En.    Temperature
   -3.54542e+04    6.62133e+03   -2.88329e+04   -3.13283e+04    3.00231e+02
 Pres. DC (bar) Pressure (bar)   Constr. rmsd
   -2.18940e+02   -1.33394e+02    4.38510e-07

           Step           Time
         500000     1000.00000

Writing checkpoint, step 500000 at Wed May 19 06:41:51 2021


   Energies (kJ/mol)
           Bond            U-B    Proper Dih.  Improper Dih.          LJ-14
    1.69312e+01    6.82868e+01    7.81428e+01    1.56114e+00    9.41432e+00
     Coulomb-14        LJ (SR)  Disper. corr.   Coulomb (SR)   Coul. recip.
    5.71415e+02    3.99378e+03   -3.39440e+02   -4.02103e+04    2.14355e+02
      Potential    Kinetic En.   Total Energy  Conserved En.    Temperature
   -3.55958e+04    6.63985e+03   -2.89560e+04   -3.13257e+04    3.01071e+02
 Pres. DC (bar) Pressure (bar)   Constr. rmsd
   -2.18095e+02    3.25952e+02    1.08891e-06


Energy conservation over simulation part #1 of length 1000 ns, time 0 to 1000 ns
  Conserved energy drift: 3.42e-04 kJ/mol/ps per atom


	<======  ###############  ==>
	<====  A V E R A G E S  ====>
	<==  ###############  ======>

	Statistics over 500001 steps using 5001 frames

   Energies (kJ/mol)
           Bond            U-B    Proper Dih.  Improper Dih.          LJ-14
    2.10593e+01    7.25599e+01    7.41241e+01    9.96463e-01    1.35222e+01
     Coulomb-14        LJ (SR)  Disper. corr.   Coulomb (SR)   Coul. recip.
    5.74465e+02    4.03955e+03   -3.37259e+02   -4.04043e+04    2.16903e+02
      Potential    Kinetic En.   Total Energy  Conserved En.    Temperature
   -3.57283e+04    6.61846e+03   -2.91099e+04   -3.17322e+04    3.00101e+02
 Pres. DC (bar) Pressure (bar)   Constr. rmsd
   -2.15325e+02    8.82747e+00    0.00000e+00

          Box-X          Box-Y          Box-Z
    2.96414e+00    2.96414e+00    2.96414e+00

   Total Virial (kJ/mol)
    2.20280e+03   -4.01144e+00    8.21736e-01
   -4.00772e+00    2.19129e+03   -1.56260e-01
    8.19188e-01   -1.60192e-01    2.20801e+03

   Pressure (bar)
    4.70109e+00    3.31410e+00   -5.08010e-01
    3.30937e+00    2.20854e+01    1.57226e-01
   -5.04723e-01    1.62243e-01   -3.04077e-01

          T-SOL          T-ASC
    3.00093e+02    3.00915e+02


	M E G A - F L O P S   A C C O U N T I N G

 NB=Group-cutoff nonbonded kernels    NxN=N-by-N cluster Verlet kernels
 RF=Reaction-Field  VdW=Van der Waals  QSTab=quadratic-spline table
 W3=SPC/TIP3p  W4=TIP4p (single or pairs)
 V&F=Potential and force  V=Potential only  F=Force only

 Computing:                               M-Number         M-Flops  % Flops
-----------------------------------------------------------------------------
 Pair Search distance check            8571.206546       77140.859     0.2
 NxN Ewald Elec. + LJ [F]            666682.978968    44001076.612    92.0
 NxN Ewald Elec. + LJ [V&F]            6735.614144      720710.713     1.5
 NxN Ewald Elec. [F]                  19163.083672     1168948.104     2.4
 NxN Ewald Elec. [V&F]                  193.734704       16273.715     0.0
 1,4 nonbonded interactions              21.000042        1890.004     0.0
 Calc Weights                          3972.007944      142992.286     0.3
 Spread Q Bspline                     84736.169472      169472.339     0.4
 Gather F Bspline                     84736.169472      508417.017     1.1
 3D-FFT                              103726.207452      829809.660     1.7
 Solve PME                              200.000400       12800.026     0.0
 Shift-X                                 26.482648         158.896     0.0
 Bonds                                    6.000012         354.001     0.0
 Propers                                 27.000054        6183.012     0.0
 Impropers                                0.500001         104.000     0.0
 Virial                                 134.652693        2423.748     0.0
 Stop-CM                                 13.245296         132.453     0.0
 Calc-Ekin                              264.805296        7149.743     0.0
 Lincs                                    4.000024         240.001     0.0
 Lincs-Mat                                6.000036          24.000     0.0
 Constraint-V                          1322.005288       11898.048     0.0
 Constraint-Vir                         131.802636        3163.263     0.0
 Settle                                 438.002628      162060.972     0.3
 Urey-Bradley                            16.000032        2928.006     0.0
-----------------------------------------------------------------------------
 Total                                                47846351.478   100.0
-----------------------------------------------------------------------------


     R E A L   C Y C L E   A N D   T I M E   A C C O U N T I N G

On 1 MPI rank, each using 4 OpenMP threads

 Computing:          Num   Num      Call    Wall time         Giga-Cycles
                     Ranks Threads  Count      (s)         total sum    %
-----------------------------------------------------------------------------
 Neighbor search        1    4      10001      33.654        335.773   1.9
 Force                  1    4     500001    1250.584      12477.219  70.1
 PME mesh               1    4     500001     225.157       2246.416  12.6
 NB X/F buffer ops.     1    4     990001     215.866       2153.715  12.1
 Write traj.            1    4        102       0.296          2.956   0.0
 Update                 1    4     500001      23.828        237.732   1.3
 Constraints            1    4     500003      21.053        210.051   1.2
 Rest                                          14.158        141.258   0.8
-----------------------------------------------------------------------------
 Total                                       1784.597      17805.121 100.0
-----------------------------------------------------------------------------
 Breakdown of PME mesh computation
-----------------------------------------------------------------------------
 PME spread             1    4     500001      94.262        940.462   5.3
 PME gather             1    4     500001      71.520        713.567   4.0
 PME 3D-FFT             1    4    1000002      45.224        451.203   2.5
 PME solve Elec         1    4     500001       9.193         91.717   0.5
-----------------------------------------------------------------------------

               Core t (s)   Wall t (s)        (%)
       Time:     7138.386     1784.597      400.0
                 (ns/day)    (hour/ns)
Performance:       48.414        0.496
Finished mdrun on rank 0 Wed May 19 06:41:51 2021

