                      :-) GROMACS - gmx mdrun, 2021.1 (-:

                            GROMACS is written by:
     Andrey Alekseenko              Emile Apol              Rossen Apostolov     
         Paul Bauer           Herman J.C. Berendsen           Par Bjelkmar       
       Christian Blau           Viacheslav Bolnykh             Kevin Boyd        
     Aldert van Buuren           Rudi van Drunen             Anton Feenstra      
    Gilles Gouaillardet             Alan Gray               Gerrit Groenhof      
       Anca Hamuraru            Vincent Hindriksen          M. Eric Irrgang      
      Aleksei Iupinov           Christoph Junghans             Joe Jordan        
    Dimitrios Karkoulis            Peter Kasson                Jiri Kraus        
      Carsten Kutzner              Per Larsson              Justin A. Lemkul     
       Viveca Lindahl            Magnus Lundborg             Erik Marklund       
        Pascal Merz             Pieter Meulenhoff            Teemu Murtola       
        Szilard Pall               Sander Pronk              Roland Schulz       
       Michael Shirts            Alexey Shvetsov             Alfons Sijbers      
       Peter Tieleman              Jon Vincent              Teemu Virolainen     
     Christian Wennberg            Maarten Wolf              Artem Zhmurov       
                           and the project leaders:
        Mark Abraham, Berk Hess, Erik Lindahl, and David van der Spoel

Copyright (c) 1991-2000, University of Groningen, The Netherlands.
Copyright (c) 2001-2019, The GROMACS development team at
Uppsala University, Stockholm University and
the Royal Institute of Technology, Sweden.
check out http://www.gromacs.org for more information.

GROMACS is free software; you can redistribute it and/or modify it
under the terms of the GNU Lesser General Public License
as published by the Free Software Foundation; either version 2.1
of the License, or (at your option) any later version.

GROMACS:      gmx mdrun, version 2021.1
Executable:   /home/Programs/Gromacs/bin/gmx
Data prefix:  /home/Programs/Gromacs
Working dir:  /home/h123456/Programs/Gromacs/Insulin
Process ID:   3123
Command line:
  gmx mdrun -v -deffnm md_insulin

GROMACS version:    2021.1
Verified release checksum is 8c24bff5d3f78b0a9afb16e880b5667e5affe9a686d462482bac20ce975492c6
Precision:          mixed
Memory model:       64 bit
MPI library:        thread_mpi
OpenMP support:     enabled (GMX_OPENMP_MAX_THREADS = 64)
GPU support:        disabled
SIMD instructions:  AVX_256
FFT library:        fftw-3.3.8-sse2-avx-avx2-avx2_128
RDTSCP usage:       enabled
TNG support:        enabled
Hwloc support:      disabled
Tracing support:    disabled
C compiler:         /usr/bin/cc GNU 7.5.0
C compiler flags:   -mavx -Wno-missing-field-initializers -fexcess-precision=fast -funroll-all-loops -O3 -DNDEBUG
C++ compiler:       /usr/bin/c++ GNU 7.5.0
C++ compiler flags: -mavx -Wno-missing-field-initializers -fexcess-precision=fast -funroll-all-loops -fopenmp -O3 -DNDEBUG


Running on 1 node with total 2 cores, 4 logical cores
Hardware detected:
  CPU info:
    Vendor: Intel
    Brand:  Intel(R) Core(TM) i3-3120M CPU @ 2.50GHz
    Family: 6   Model: 58   Stepping: 9
    Features: apic avx clfsh cmov cx8 cx16 f16c htt intel lahf mmx msr nonstop_tsc pcid pclmuldq pdcm popcnt pse rdtscp sse2 sse3 sse4.1 sse4.2 ssse3 tdt x2apic
  Hardware topology: Basic
    Sockets, cores, and logical processors:
      Socket  0: [   0   1] [   2   3]


++++ PLEASE READ AND CITE THE FOLLOWING REFERENCE ++++
M. J. Abraham, T. Murtola, R. Schulz, S. Páll, J. C. Smith, B. Hess, E.
Lindahl
GROMACS: High performance molecular simulations through multi-level
parallelism from laptops to supercomputers
SoftwareX 1 (2015) pp. 19-25
-------- -------- --- Thank You --- -------- --------


++++ PLEASE READ AND CITE THE FOLLOWING REFERENCE ++++
S. Páll, M. J. Abraham, C. Kutzner, B. Hess, E. Lindahl
Tackling Exascale Software Challenges in Molecular Dynamics Simulations with
GROMACS
In S. Markidis & E. Laure (Eds.), Solving Software Challenges for Exascale 8759 (2015) pp. 3-27
-------- -------- --- Thank You --- -------- --------


++++ PLEASE READ AND CITE THE FOLLOWING REFERENCE ++++
S. Pronk, S. Páll, R. Schulz, P. Larsson, P. Bjelkmar, R. Apostolov, M. R.
Shirts, J. C. Smith, P. M. Kasson, D. van der Spoel, B. Hess, and E. Lindahl
GROMACS 4.5: a high-throughput and highly parallel open source molecular
simulation toolkit
Bioinformatics 29 (2013) pp. 845-54
-------- -------- --- Thank You --- -------- --------


++++ PLEASE READ AND CITE THE FOLLOWING REFERENCE ++++
B. Hess and C. Kutzner and D. van der Spoel and E. Lindahl
GROMACS 4: Algorithms for highly efficient, load-balanced, and scalable
molecular simulation
J. Chem. Theory Comput. 4 (2008) pp. 435-447
-------- -------- --- Thank You --- -------- --------


++++ PLEASE READ AND CITE THE FOLLOWING REFERENCE ++++
D. van der Spoel, E. Lindahl, B. Hess, G. Groenhof, A. E. Mark and H. J. C.
Berendsen
GROMACS: Fast, Flexible and Free
J. Comp. Chem. 26 (2005) pp. 1701-1719
-------- -------- --- Thank You --- -------- --------


++++ PLEASE READ AND CITE THE FOLLOWING REFERENCE ++++
E. Lindahl and B. Hess and D. van der Spoel
GROMACS 3.0: A package for molecular simulation and trajectory analysis
J. Mol. Mod. 7 (2001) pp. 306-317
-------- -------- --- Thank You --- -------- --------


++++ PLEASE READ AND CITE THE FOLLOWING REFERENCE ++++
H. J. C. Berendsen, D. van der Spoel and R. van Drunen
GROMACS: A message-passing parallel molecular dynamics implementation
Comp. Phys. Comm. 91 (1995) pp. 43-56
-------- -------- --- Thank You --- -------- --------


++++ PLEASE CITE THE DOI FOR THIS VERSION OF GROMACS ++++
https://doi.org/10.5281/zenodo.4561626
-------- -------- --- Thank You --- -------- --------

Input Parameters:
   integrator                     = md
   tinit                          = 0
   dt                             = 0.002
   nsteps                         = 500000
   init-step                      = 0
   simulation-part                = 1
   mts                            = false
   comm-mode                      = Linear
   nstcomm                        = 100
   bd-fric                        = 0
   ld-seed                        = -16777298
   emtol                          = 10
   emstep                         = 0.01
   niter                          = 20
   fcstep                         = 0
   nstcgsteep                     = 1000
   nbfgscorr                      = 10
   rtpi                           = 0.05
   nstxout                        = 0
   nstvout                        = 0
   nstfout                        = 0
   nstlog                         = 5000
   nstcalcenergy                  = 100
   nstenergy                      = 5000
   nstxout-compressed             = 5000
   compressed-x-precision         = 1000
   cutoff-scheme                  = Verlet
   nstlist                        = 10
   pbc                            = xyz
   periodic-molecules             = false
   verlet-buffer-tolerance        = 0.005
   rlist                          = 1
   coulombtype                    = PME
   coulomb-modifier               = Potential-shift
   rcoulomb-switch                = 0
   rcoulomb                       = 1
   epsilon-r                      = 1
   epsilon-rf                     = inf
   vdw-type                       = Cut-off
   vdw-modifier                   = Potential-shift
   rvdw-switch                    = 0
   rvdw                           = 1
   DispCorr                       = EnerPres
   table-extension                = 1
   fourierspacing                 = 0.16
   fourier-nx                     = 52
   fourier-ny                     = 52
   fourier-nz                     = 52
   pme-order                      = 4
   ewald-rtol                     = 1e-05
   ewald-rtol-lj                  = 0.001
   lj-pme-comb-rule               = Geometric
   ewald-geometry                 = 0
   epsilon-surface                = 0
   tcoupl                         = V-rescale
   nsttcouple                     = 10
   nh-chain-length                = 0
   print-nose-hoover-chain-variables = false
   pcoupl                         = Parrinello-Rahman
   pcoupltype                     = Isotropic
   nstpcouple                     = 10
   tau-p                          = 2
   compressibility (3x3):
      compressibility[    0]={ 4.50000e-05,  0.00000e+00,  0.00000e+00}
      compressibility[    1]={ 0.00000e+00,  4.50000e-05,  0.00000e+00}
      compressibility[    2]={ 0.00000e+00,  0.00000e+00,  4.50000e-05}
   ref-p (3x3):
      ref-p[    0]={ 1.00000e+00,  0.00000e+00,  0.00000e+00}
      ref-p[    1]={ 0.00000e+00,  1.00000e+00,  0.00000e+00}
      ref-p[    2]={ 0.00000e+00,  0.00000e+00,  1.00000e+00}
   refcoord-scaling               = No
   posres-com (3):
      posres-com[0]= 0.00000e+00
      posres-com[1]= 0.00000e+00
      posres-com[2]= 0.00000e+00
   posres-comB (3):
      posres-comB[0]= 0.00000e+00
      posres-comB[1]= 0.00000e+00
      posres-comB[2]= 0.00000e+00
   QMMM                           = false
qm-opts:
   ngQM                           = 0
   constraint-algorithm           = Lincs
   continuation                   = true
   Shake-SOR                      = false
   shake-tol                      = 0.0001
   lincs-order                    = 4
   lincs-iter                     = 1
   lincs-warnangle                = 30
   nwall                          = 0
   wall-type                      = 9-3
   wall-r-linpot                  = -1
   wall-atomtype[0]               = -1
   wall-atomtype[1]               = -1
   wall-density[0]                = 0
   wall-density[1]                = 0
   wall-ewald-zfac                = 3
   pull                           = false
   awh                            = false
   rotation                       = false
   interactiveMD                  = false
   disre                          = No
   disre-weighting                = Conservative
   disre-mixed                    = false
   dr-fc                          = 1000
   dr-tau                         = 0
   nstdisreout                    = 100
   orire-fc                       = 0
   orire-tau                      = 0
   nstorireout                    = 100
   free-energy                    = no
   cos-acceleration               = 0
   deform (3x3):
      deform[    0]={ 0.00000e+00,  0.00000e+00,  0.00000e+00}
      deform[    1]={ 0.00000e+00,  0.00000e+00,  0.00000e+00}
      deform[    2]={ 0.00000e+00,  0.00000e+00,  0.00000e+00}
   simulated-tempering            = false
   swapcoords                     = no
   userint1                       = 0
   userint2                       = 0
   userint3                       = 0
   userint4                       = 0
   userreal1                      = 0
   userreal2                      = 0
   userreal3                      = 0
   userreal4                      = 0
   applied-forces:
     electric-field:
       x:
         E0                       = 0
         omega                    = 0
         t0                       = 0
         sigma                    = 0
       y:
         E0                       = 0
         omega                    = 0
         t0                       = 0
         sigma                    = 0
       z:
         E0                       = 0
         omega                    = 0
         t0                       = 0
         sigma                    = 0
     density-guided-simulation:
       active                     = false
       group                      = protein
       similarity-measure         = inner-product
       atom-spreading-weight      = unity
       force-constant             = 1e+09
       gaussian-transform-spreading-width = 0.2
       gaussian-transform-spreading-range-in-multiples-of-width = 4
       reference-density-filename = reference.mrc
       nst                        = 1
       normalize-densities        = true
       adaptive-force-scaling     = false
       adaptive-force-scaling-time-constant = 4
       shift-vector               = 
       transformation-matrix      = 
grpopts:
   nrdf:     1974.91     65517.1
   ref-t:         300         300
   tau-t:         0.1         0.1
annealing:          No          No
annealing-npoints:           0           0
   acc:	           0           0           0
   nfreeze:           N           N           N
   energygrp-flags[  0]: 0

Changing nstlist from 10 to 40, rlist from 1 to 1.098

Using 1 MPI thread
Using 4 OpenMP threads 

Pinning threads with an auto-selected logical core stride of 1
System total charge: -0.000
Will do PME sum in reciprocal space for electrostatic interactions.

++++ PLEASE READ AND CITE THE FOLLOWING REFERENCE ++++
U. Essmann, L. Perera, M. L. Berkowitz, T. Darden, H. Lee and L. G. Pedersen 
A smooth particle mesh Ewald method
J. Chem. Phys. 103 (1995) pp. 8577-8592
-------- -------- --- Thank You --- -------- --------

Using a Gaussian width (1/beta) of 0.320163 nm for Ewald
Potential shift: LJ r^-12: -1.000e+00 r^-6: -1.000e+00, Ewald -1.000e-05
Initialized non-bonded Ewald tables, spacing: 9.33e-04 size: 1073

Generated table with 1049 data points for 1-4 COUL.
Tabscale = 500 points/nm
Generated table with 1049 data points for 1-4 LJ6.
Tabscale = 500 points/nm
Generated table with 1049 data points for 1-4 LJ12.
Tabscale = 500 points/nm
Long Range LJ corr.: <C6> 3.0220e-04


Using SIMD 4x4 nonbonded short-range kernels

Using a dual 4x4 pair-list setup updated with dynamic pruning:
  outer list: updated every 40 steps, buffer 0.098 nm, rlist 1.098 nm
  inner list: updated every 11 steps, buffer 0.001 nm, rlist 1.001 nm
At tolerance 0.005 kJ/mol/ps per atom, equivalent classical 1x1 list would be:
  outer list: updated every 40 steps, buffer 0.213 nm, rlist 1.213 nm
  inner list: updated every 11 steps, buffer 0.042 nm, rlist 1.042 nm

Using geometric Lennard-Jones combination rule

Initializing LINear Constraint Solver

++++ PLEASE READ AND CITE THE FOLLOWING REFERENCE ++++
B. Hess and H. Bekker and H. J. C. Berendsen and J. G. E. M. Fraaije
LINCS: A Linear Constraint Solver for molecular simulations
J. Comp. Chem. 18 (1997) pp. 1463-1472
-------- -------- --- Thank You --- -------- --------

The number of constraints is 383

++++ PLEASE READ AND CITE THE FOLLOWING REFERENCE ++++
S. Miyamoto and P. A. Kollman
SETTLE: An Analytical Version of the SHAKE and RATTLE Algorithms for Rigid
Water Models
J. Comp. Chem. 13 (1992) pp. 952-962
-------- -------- --- Thank You --- -------- --------


++++ PLEASE READ AND CITE THE FOLLOWING REFERENCE ++++
G. Bussi, D. Donadio and M. Parrinello
Canonical sampling through velocity rescaling
J. Chem. Phys. 126 (2007) pp. 014101
-------- -------- --- Thank You --- -------- --------

There are: 33545 Atoms
Center of mass motion removal mode is Linear
We have the following groups for center of mass motion removal:
  0:  rest

Started mdrun on rank 0 Wed May 19 17:25:24 2021

           Step           Time
              0        0.00000

   Energies (kJ/mol)
           Bond          Angle    Proper Dih. Ryckaert-Bell.          LJ-14
    6.00435e+02    1.48141e+03    9.50831e+01    7.46905e+02    1.13312e+03
     Coulomb-14        LJ (SR)  Disper. corr.   Coulomb (SR)   Coul. recip.
    6.55747e+03    9.90929e+04   -4.25661e+03   -6.29064e+05    2.65199e+03
      Potential    Kinetic En.   Total Energy  Conserved En.    Temperature
   -5.20961e+05    8.44478e+04   -4.36514e+05   -4.36493e+05    3.00976e+02
 Pres. DC (bar) Pressure (bar)   Constr. rmsd
   -2.11723e+02    3.44287e+01    2.98097e-06

           Step           Time
           5000       10.00000

   Energies (kJ/mol)
           Bond          Angle    Proper Dih. Ryckaert-Bell.          LJ-14
    6.13739e+02    1.57092e+03    9.44452e+01    5.87771e+02    1.08942e+03
     Coulomb-14        LJ (SR)  Disper. corr.   Coulomb (SR)   Coul. recip.
    6.45889e+03    9.91741e+04   -4.24524e+03   -6.29060e+05    2.73208e+03
      Potential    Kinetic En.   Total Energy  Conserved En.    Temperature
   -5.20984e+05    8.41569e+04   -4.36827e+05   -4.36471e+05    2.99939e+02
 Pres. DC (bar) Pressure (bar)   Constr. rmsd
   -2.10595e+02   -7.85181e+01    2.89487e-06

           Step           Time
          10000       20.00000

   Energies (kJ/mol)
           Bond          Angle    Proper Dih. Ryckaert-Bell.          LJ-14
    5.45239e+02    1.57121e+03    9.60174e+01    6.77262e+02    1.10275e+03
     Coulomb-14        LJ (SR)  Disper. corr.   Coulomb (SR)   Coul. recip.
    6.43360e+03    9.98281e+04   -4.24982e+03   -6.29325e+05    2.76916e+03
      Potential    Kinetic En.   Total Energy  Conserved En.    Temperature
   -5.20552e+05    8.45886e+04   -4.35963e+05   -4.36439e+05    3.01478e+02
 Pres. DC (bar) Pressure (bar)   Constr. rmsd
   -2.11049e+02    1.47159e+02    2.94250e-06

           Step           Time
          15000       30.00000

   Energies (kJ/mol)
           Bond          Angle    Proper Dih. Ryckaert-Bell.          LJ-14
    6.03287e+02    1.47810e+03    8.72552e+01    7.00045e+02    1.07483e+03
     Coulomb-14        LJ (SR)  Disper. corr.   Coulomb (SR)   Coul. recip.
    6.47096e+03    1.01314e+05   -4.25678e+03   -6.31551e+05    2.69050e+03
      Potential    Kinetic En.   Total Energy  Conserved En.    Temperature
   -5.21389e+05    8.42413e+04   -4.37148e+05   -4.36381e+05    3.00240e+02
 Pres. DC (bar) Pressure (bar)   Constr. rmsd
   -2.11740e+02    3.34400e+02    3.40185e-06

           Step           Time
          20000       40.00000

   Energies (kJ/mol)
           Bond          Angle    Proper Dih. Ryckaert-Bell.          LJ-14
    6.42930e+02    1.44811e+03    7.23057e+01    6.14918e+02    1.12337e+03
     Coulomb-14        LJ (SR)  Disper. corr.   Coulomb (SR)   Coul. recip.
    6.50499e+03    9.79300e+04   -4.26718e+03   -6.27344e+05    2.80440e+03
      Potential    Kinetic En.   Total Energy  Conserved En.    Temperature
   -5.20470e+05    8.45022e+04   -4.35968e+05   -4.36347e+05    3.01170e+02
 Pres. DC (bar) Pressure (bar)   Constr. rmsd
   -2.12774e+02   -9.23145e+01    3.67311e-06

           Step           Time
          25000       50.00000

   Energies (kJ/mol)
           Bond          Angle    Proper Dih. Ryckaert-Bell.          LJ-14
    5.35603e+02    1.58661e+03    8.90529e+01    6.85182e+02    1.13536e+03
     Coulomb-14        LJ (SR)  Disper. corr.   Coulomb (SR)   Coul. recip.
    6.47364e+03    9.96764e+04   -4.25524e+03   -6.29709e+05    2.80450e+03
      Potential    Kinetic En.   Total Energy  Conserved En.    Temperature
   -5.20978e+05    8.48278e+04   -4.36150e+05   -4.36296e+05    3.02330e+02
 Pres. DC (bar) Pressure (bar)   Constr. rmsd
   -2.11587e+02    1.19124e+02    3.50381e-06

Writing checkpoint, step 25040 at Wed May 19 17:40:26 2021


           Step           Time
          30000       60.00000

   Energies (kJ/mol)
           Bond          Angle    Proper Dih. Ryckaert-Bell.          LJ-14
    6.01222e+02    1.38905e+03    9.57456e+01    6.61168e+02    1.08285e+03
     Coulomb-14        LJ (SR)  Disper. corr.   Coulomb (SR)   Coul. recip.
    6.41922e+03    9.94991e+04   -4.26175e+03   -6.29380e+05    2.66640e+03
      Potential    Kinetic En.   Total Energy  Conserved En.    Temperature
   -5.21227e+05    8.46086e+04   -4.36618e+05   -4.36276e+05    3.01549e+02
 Pres. DC (bar) Pressure (bar)   Constr. rmsd
   -2.12235e+02    1.13958e+02    3.10649e-06

           Step           Time
          35000       70.00000

   Energies (kJ/mol)
           Bond          Angle    Proper Dih. Ryckaert-Bell.          LJ-14
    6.02713e+02    1.57739e+03    8.03011e+01    6.52131e+02    1.08493e+03
     Coulomb-14        LJ (SR)  Disper. corr.   Coulomb (SR)   Coul. recip.
    6.53439e+03    9.82463e+04   -4.24019e+03   -6.28304e+05    2.75978e+03
      Potential    Kinetic En.   Total Energy  Conserved En.    Temperature
   -5.21007e+05    8.47757e+04   -4.36231e+05   -4.36223e+05    3.02145e+02
 Pres. DC (bar) Pressure (bar)   Constr. rmsd
   -2.10095e+02   -1.53183e+02    3.15302e-06

           Step           Time
          40000       80.00000

   Energies (kJ/mol)
           Bond          Angle    Proper Dih. Ryckaert-Bell.          LJ-14
    5.55834e+02    1.57378e+03    8.54644e+01    6.87306e+02    1.10302e+03
     Coulomb-14        LJ (SR)  Disper. corr.   Coulomb (SR)   Coul. recip.
    6.47600e+03    9.89462e+04   -4.24384e+03   -6.27813e+05    2.75601e+03
      Potential    Kinetic En.   Total Energy  Conserved En.    Temperature
   -5.19873e+05    8.41456e+04   -4.35727e+05   -4.36208e+05    2.99899e+02
 Pres. DC (bar) Pressure (bar)   Constr. rmsd
   -2.10456e+02    1.00467e+02    3.39927e-06

           Step           Time
          45000       90.00000

   Energies (kJ/mol)
           Bond          Angle    Proper Dih. Ryckaert-Bell.          LJ-14
    7.09958e+02    1.49910e+03    8.80832e+01    5.98403e+02    1.06234e+03
     Coulomb-14        LJ (SR)  Disper. corr.   Coulomb (SR)   Coul. recip.
    6.47422e+03    9.88022e+04   -4.26732e+03   -6.27719e+05    2.64375e+03
      Potential    Kinetic En.   Total Energy  Conserved En.    Temperature
   -5.20108e+05    8.48416e+04   -4.35267e+05   -4.36156e+05    3.02380e+02
 Pres. DC (bar) Pressure (bar)   Constr. rmsd
   -2.12789e+02   -1.16304e+01    3.14367e-06

Writing checkpoint, step 48480 at Wed May 19 17:55:25 2021


           Step           Time
          50000      100.00000

   Energies (kJ/mol)
           Bond          Angle    Proper Dih. Ryckaert-Bell.          LJ-14
    5.81542e+02    1.51782e+03    7.90816e+01    6.70988e+02    1.05931e+03
     Coulomb-14        LJ (SR)  Disper. corr.   Coulomb (SR)   Coul. recip.
    6.48269e+03    9.76153e+04   -4.25534e+03   -6.26235e+05    2.71684e+03
      Potential    Kinetic En.   Total Energy  Conserved En.    Temperature
   -5.19767e+05    8.45531e+04   -4.35214e+05   -4.36123e+05    3.01351e+02
 Pres. DC (bar) Pressure (bar)   Constr. rmsd
   -2.11597e+02   -1.15364e+02    3.63518e-06

           Step           Time
          55000      110.00000

   Energies (kJ/mol)
           Bond          Angle    Proper Dih. Ryckaert-Bell.          LJ-14
    6.07225e+02    1.61760e+03    8.42752e+01    6.73219e+02    1.09635e+03
     Coulomb-14        LJ (SR)  Disper. corr.   Coulomb (SR)   Coul. recip.
    6.51035e+03    9.91354e+04   -4.25307e+03   -6.27898e+05    2.73553e+03
      Potential    Kinetic En.   Total Energy  Conserved En.    Temperature
   -5.19691e+05    8.39028e+04   -4.35788e+05   -4.36087e+05    2.99034e+02
 Pres. DC (bar) Pressure (bar)   Constr. rmsd
   -2.11371e+02    1.22074e+02    2.86387e-06

           Step           Time
          60000      120.00000

   Energies (kJ/mol)
           Bond          Angle    Proper Dih. Ryckaert-Bell.          LJ-14
    6.08078e+02    1.50453e+03    9.42194e+01    6.60543e+02    1.10645e+03
     Coulomb-14        LJ (SR)  Disper. corr.   Coulomb (SR)   Coul. recip.
    6.51053e+03    9.83211e+04   -4.25513e+03   -6.28098e+05    2.68795e+03
      Potential    Kinetic En.   Total Energy  Conserved En.    Temperature
   -5.20860e+05    8.41428e+04   -4.36717e+05   -4.36027e+05    2.99889e+02
 Pres. DC (bar) Pressure (bar)   Constr. rmsd
   -2.11577e+02   -1.42713e+02    3.24624e-06

           Step           Time
          65000      130.00000

   Energies (kJ/mol)
           Bond          Angle    Proper Dih. Ryckaert-Bell.          LJ-14
    6.45708e+02    1.50872e+03    1.13274e+02    6.35808e+02    1.11478e+03
     Coulomb-14        LJ (SR)  Disper. corr.   Coulomb (SR)   Coul. recip.
    6.45565e+03    9.82892e+04   -4.24640e+03   -6.28063e+05    2.74093e+03
      Potential    Kinetic En.   Total Energy  Conserved En.    Temperature
   -5.20805e+05    8.39832e+04   -4.36822e+05   -4.35976e+05    2.99320e+02
 Pres. DC (bar) Pressure (bar)   Constr. rmsd
   -2.10710e+02   -1.70332e+02    3.21371e-06

           Step           Time
          70000      140.00000

   Energies (kJ/mol)
           Bond          Angle    Proper Dih. Ryckaert-Bell.          LJ-14
    6.02301e+02    1.46601e+03    1.00957e+02    7.00106e+02    1.08648e+03
     Coulomb-14        LJ (SR)  Disper. corr.   Coulomb (SR)   Coul. recip.
    6.47125e+03    9.87003e+04   -4.25689e+03   -6.28539e+05    2.69379e+03
      Potential    Kinetic En.   Total Energy  Conserved En.    Temperature
   -5.20975e+05    8.53831e+04   -4.35592e+05   -4.35952e+05    3.04310e+02
 Pres. DC (bar) Pressure (bar)   Constr. rmsd
   -2.11751e+02   -2.56312e+01    3.54161e-06

Writing checkpoint, step 73960 at Wed May 19 18:10:27 2021


           Step           Time
          75000      150.00000

   Energies (kJ/mol)
           Bond          Angle    Proper Dih. Ryckaert-Bell.          LJ-14
    6.30100e+02    1.51626e+03    1.06590e+02    6.32163e+02    1.04516e+03
     Coulomb-14        LJ (SR)  Disper. corr.   Coulomb (SR)   Coul. recip.
    6.39589e+03    9.87439e+04   -4.25188e+03   -6.28273e+05    2.80830e+03
      Potential    Kinetic En.   Total Energy  Conserved En.    Temperature
   -5.20646e+05    8.41281e+04   -4.36518e+05   -4.35913e+05    2.99837e+02
 Pres. DC (bar) Pressure (bar)   Constr. rmsd
   -2.11253e+02   -5.08485e+01    3.23167e-06

           Step           Time
          80000      160.00000

   Energies (kJ/mol)
           Bond          Angle    Proper Dih. Ryckaert-Bell.          LJ-14
    5.81976e+02    1.57633e+03    8.85351e+01    6.14579e+02    1.07816e+03
     Coulomb-14        LJ (SR)  Disper. corr.   Coulomb (SR)   Coul. recip.
    6.49829e+03    9.86705e+04   -4.24722e+03   -6.28497e+05    2.74481e+03
      Potential    Kinetic En.   Total Energy  Conserved En.    Temperature
   -5.20891e+05    8.49319e+04   -4.35959e+05   -4.35888e+05    3.02701e+02
 Pres. DC (bar) Pressure (bar)   Constr. rmsd
   -2.10791e+02   -8.55388e+01    3.87474e-06

           Step           Time
          85000      170.00000

   Energies (kJ/mol)
           Bond          Angle    Proper Dih. Ryckaert-Bell.          LJ-14
    5.68067e+02    1.55671e+03    8.95447e+01    5.78391e+02    1.11862e+03
     Coulomb-14        LJ (SR)  Disper. corr.   Coulomb (SR)   Coul. recip.
    6.46962e+03    9.94374e+04   -4.24607e+03   -6.29366e+05    2.82625e+03
      Potential    Kinetic En.   Total Energy  Conserved En.    Temperature
   -5.20968e+05    8.38478e+04   -4.37120e+05   -4.35844e+05    2.98837e+02
 Pres. DC (bar) Pressure (bar)   Constr. rmsd
   -2.10677e+02    1.26240e+02    3.27847e-06

           Step           Time
          90000      180.00000

   Energies (kJ/mol)
           Bond          Angle    Proper Dih. Ryckaert-Bell.          LJ-14
    5.58622e+02    1.41738e+03    1.12596e+02    6.67097e+02    1.11842e+03
     Coulomb-14        LJ (SR)  Disper. corr.   Coulomb (SR)   Coul. recip.
    6.50069e+03    1.00152e+05   -4.25293e+03   -6.29867e+05    2.72977e+03
      Potential    Kinetic En.   Total Energy  Conserved En.    Temperature
   -5.20864e+05    8.39222e+04   -4.36942e+05   -4.35824e+05    2.99103e+02
 Pres. DC (bar) Pressure (bar)   Constr. rmsd
   -2.11358e+02    1.63100e+02    2.79879e-06

           Step           Time
          95000      190.00000

   Energies (kJ/mol)
           Bond          Angle    Proper Dih. Ryckaert-Bell.          LJ-14
    6.23392e+02    1.48683e+03    1.07942e+02    5.59731e+02    1.08688e+03
     Coulomb-14        LJ (SR)  Disper. corr.   Coulomb (SR)   Coul. recip.
    6.47472e+03    9.93175e+04   -4.26146e+03   -6.29879e+05    2.66601e+03
      Potential    Kinetic En.   Total Energy  Conserved En.    Temperature
   -5.21817e+05    8.42323e+04   -4.37585e+05   -4.35792e+05    3.00208e+02
 Pres. DC (bar) Pressure (bar)   Constr. rmsd
   -2.12206e+02    1.06864e+00    2.70337e-06

Writing checkpoint, step 99440 at Wed May 19 18:25:25 2021


           Step           Time
         100000      200.00000

   Energies (kJ/mol)
           Bond          Angle    Proper Dih. Ryckaert-Bell.          LJ-14
    5.94569e+02    1.48242e+03    8.41755e+01    5.55391e+02    1.09608e+03
     Coulomb-14        LJ (SR)  Disper. corr.   Coulomb (SR)   Coul. recip.
    6.46746e+03    9.95042e+04   -4.26203e+03   -6.29400e+05    2.81778e+03
      Potential    Kinetic En.   Total Energy  Conserved En.    Temperature
   -5.21060e+05    8.42078e+04   -4.36852e+05   -4.35738e+05    3.00121e+02
 Pres. DC (bar) Pressure (bar)   Constr. rmsd
   -2.12262e+02    2.59707e+01    2.70500e-06

           Step           Time
         105000      210.00000

   Energies (kJ/mol)
           Bond          Angle    Proper Dih. Ryckaert-Bell.          LJ-14
    5.91915e+02    1.53921e+03    1.00673e+02    5.94066e+02    1.11982e+03
     Coulomb-14        LJ (SR)  Disper. corr.   Coulomb (SR)   Coul. recip.
    6.43314e+03    9.89350e+04   -4.26050e+03   -6.28280e+05    2.70984e+03
      Potential    Kinetic En.   Total Energy  Conserved En.    Temperature
   -5.20516e+05    8.46073e+04   -4.35909e+05   -4.35699e+05    3.01545e+02
 Pres. DC (bar) Pressure (bar)   Constr. rmsd
   -2.12110e+02    1.41113e+02    2.87891e-06

           Step           Time
         110000      220.00000

   Energies (kJ/mol)
           Bond          Angle    Proper Dih. Ryckaert-Bell.          LJ-14
    5.87318e+02    1.49606e+03    1.14273e+02    5.68926e+02    1.12599e+03
     Coulomb-14        LJ (SR)  Disper. corr.   Coulomb (SR)   Coul. recip.
    6.54470e+03    9.88262e+04   -4.24130e+03   -6.28894e+05    2.77120e+03
      Potential    Kinetic En.   Total Energy  Conserved En.    Temperature
   -5.21101e+05    8.38582e+04   -4.37243e+05   -4.35674e+05    2.98875e+02
 Pres. DC (bar) Pressure (bar)   Constr. rmsd
   -2.10205e+02   -6.04971e+01    3.18384e-06

           Step           Time
         115000      230.00000

   Energies (kJ/mol)
           Bond          Angle    Proper Dih. Ryckaert-Bell.          LJ-14
    5.78399e+02    1.48693e+03    7.66390e+01    5.42665e+02    1.08964e+03
     Coulomb-14        LJ (SR)  Disper. corr.   Coulomb (SR)   Coul. recip.
    6.48470e+03    9.85281e+04   -4.24330e+03   -6.28333e+05    2.76056e+03
      Potential    Kinetic En.   Total Energy  Conserved En.    Temperature
   -5.21029e+05    8.41648e+04   -4.36864e+05   -4.35645e+05    2.99967e+02
 Pres. DC (bar) Pressure (bar)   Constr. rmsd
   -2.10403e+02   -1.16087e+02    3.23646e-06

           Step           Time
         120000      240.00000

   Energies (kJ/mol)
           Bond          Angle    Proper Dih. Ryckaert-Bell.          LJ-14
    6.22353e+02    1.44677e+03    8.03072e+01    6.07911e+02    1.08939e+03
     Coulomb-14        LJ (SR)  Disper. corr.   Coulomb (SR)   Coul. recip.
    6.44684e+03    9.81898e+04   -4.25810e+03   -6.26468e+05    2.78138e+03
      Potential    Kinetic En.   Total Energy  Conserved En.    Temperature
   -5.19462e+05    8.43994e+04   -4.35062e+05   -4.35625e+05    3.00803e+02
 Pres. DC (bar) Pressure (bar)   Constr. rmsd
   -2.11871e+02   -1.26990e+02    2.99741e-06

           Step           Time
         125000      250.00000

   Energies (kJ/mol)
           Bond          Angle    Proper Dih. Ryckaert-Bell.          LJ-14
    5.87084e+02    1.50029e+03    7.93623e+01    6.29774e+02    1.08639e+03
     Coulomb-14        LJ (SR)  Disper. corr.   Coulomb (SR)   Coul. recip.
    6.50470e+03    9.77902e+04   -4.25563e+03   -6.26734e+05    2.73307e+03
      Potential    Kinetic En.   Total Energy  Conserved En.    Temperature
   -5.20078e+05    8.44407e+04   -4.35638e+05   -4.35575e+05    3.00951e+02
 Pres. DC (bar) Pressure (bar)   Constr. rmsd
   -2.11626e+02   -1.87109e+02    3.03128e-06

           Step           Time
         130000      260.00000

   Energies (kJ/mol)
           Bond          Angle    Proper Dih. Ryckaert-Bell.          LJ-14
    6.87510e+02    1.44716e+03    1.10889e+02    5.95087e+02    1.14523e+03
     Coulomb-14        LJ (SR)  Disper. corr.   Coulomb (SR)   Coul. recip.
    6.46619e+03    9.69550e+04   -4.25256e+03   -6.26166e+05    2.75510e+03
      Potential    Kinetic En.   Total Energy  Conserved En.    Temperature
   -5.20256e+05    8.42248e+04   -4.36032e+05   -4.35524e+05    3.00181e+02
 Pres. DC (bar) Pressure (bar)   Constr. rmsd
   -2.11321e+02   -3.10511e+02    3.11970e-06

Writing checkpoint, step 131880 at Wed May 19 18:40:25 2021


           Step           Time
         135000      270.00000

   Energies (kJ/mol)
           Bond          Angle    Proper Dih. Ryckaert-Bell.          LJ-14
    6.35659e+02    1.48566e+03    9.56381e+01    6.00245e+02    1.09518e+03
     Coulomb-14        LJ (SR)  Disper. corr.   Coulomb (SR)   Coul. recip.
    6.51822e+03    9.73866e+04   -4.24456e+03   -6.25938e+05    2.69688e+03
      Potential    Kinetic En.   Total Energy  Conserved En.    Temperature
   -5.19669e+05    8.34919e+04   -4.36177e+05   -4.35501e+05    2.97569e+02
 Pres. DC (bar) Pressure (bar)   Constr. rmsd
   -2.10527e+02   -1.98368e+02    3.13341e-06

           Step           Time
         140000      280.00000

   Energies (kJ/mol)
           Bond          Angle    Proper Dih. Ryckaert-Bell.          LJ-14
    6.30742e+02    1.58211e+03    1.06878e+02    5.53611e+02    1.09548e+03
     Coulomb-14        LJ (SR)  Disper. corr.   Coulomb (SR)   Coul. recip.
    6.47398e+03    9.90373e+04   -4.25852e+03   -6.28776e+05    2.73108e+03
      Potential    Kinetic En.   Total Energy  Conserved En.    Temperature
   -5.20823e+05    8.41829e+04   -4.36640e+05   -4.35458e+05    3.00032e+02
 Pres. DC (bar) Pressure (bar)   Constr. rmsd
   -2.11913e+02    2.49949e+01    2.94519e-06

           Step           Time
         145000      290.00000

   Energies (kJ/mol)
           Bond          Angle    Proper Dih. Ryckaert-Bell.          LJ-14
    5.87530e+02    1.43841e+03    1.04025e+02    6.87095e+02    1.09676e+03
     Coulomb-14        LJ (SR)  Disper. corr.   Coulomb (SR)   Coul. recip.
    6.54913e+03    9.93623e+04   -4.27118e+03   -6.29749e+05    2.69577e+03
      Potential    Kinetic En.   Total Energy  Conserved En.    Temperature
   -5.21499e+05    8.44123e+04   -4.37086e+05   -4.35437e+05    3.00849e+02
 Pres. DC (bar) Pressure (bar)   Constr. rmsd
   -2.13173e+02    1.02851e+02    3.16099e-06

           Step           Time
         150000      300.00000

   Energies (kJ/mol)
           Bond          Angle    Proper Dih. Ryckaert-Bell.          LJ-14
    6.50287e+02    1.45769e+03    1.08639e+02    6.49210e+02    1.07486e+03
     Coulomb-14        LJ (SR)  Disper. corr.   Coulomb (SR)   Coul. recip.
    6.47753e+03    9.81722e+04   -4.25450e+03   -6.27271e+05    2.70925e+03
      Potential    Kinetic En.   Total Energy  Conserved En.    Temperature
   -5.20226e+05    8.40696e+04   -4.36157e+05   -4.35407e+05    2.99628e+02
 Pres. DC (bar) Pressure (bar)   Constr. rmsd
   -2.11514e+02   -7.74927e+01    3.13755e-06

           Step           Time
         155000      310.00000

   Energies (kJ/mol)
           Bond          Angle    Proper Dih. Ryckaert-Bell.          LJ-14
    5.22676e+02    1.59085e+03    8.87227e+01    6.05702e+02    1.08436e+03
     Coulomb-14        LJ (SR)  Disper. corr.   Coulomb (SR)   Coul. recip.
    6.47504e+03    9.85352e+04   -4.25263e+03   -6.27803e+05    2.76684e+03
      Potential    Kinetic En.   Total Energy  Conserved En.    Temperature
   -5.20386e+05    8.39117e+04   -4.36474e+05   -4.35372e+05    2.99065e+02
 Pres. DC (bar) Pressure (bar)   Constr. rmsd
   -2.11328e+02   -2.35940e+01    3.57220e-06

Writing checkpoint, step 158000 at Wed May 19 18:55:25 2021


           Step           Time
         160000      320.00000

   Energies (kJ/mol)
           Bond          Angle    Proper Dih. Ryckaert-Bell.          LJ-14
    6.26028e+02    1.49491e+03    9.12836e+01    6.37881e+02    1.07137e+03
     Coulomb-14        LJ (SR)  Disper. corr.   Coulomb (SR)   Coul. recip.
    6.48028e+03    9.92436e+04   -4.25767e+03   -6.29127e+05    2.73276e+03
      Potential    Kinetic En.   Total Energy  Conserved En.    Temperature
   -5.21007e+05    8.40338e+04   -4.36973e+05   -4.35327e+05    2.99501e+02
 Pres. DC (bar) Pressure (bar)   Constr. rmsd
   -2.11829e+02   -7.82847e+00    2.77036e-06

           Step           Time
         165000      330.00000

   Energies (kJ/mol)
           Bond          Angle    Proper Dih. Ryckaert-Bell.          LJ-14
    6.66281e+02    1.44484e+03    7.65015e+01    6.25077e+02    1.08212e+03
     Coulomb-14        LJ (SR)  Disper. corr.   Coulomb (SR)   Coul. recip.
    6.54966e+03    9.94543e+04   -4.25199e+03   -6.28520e+05    2.77618e+03
      Potential    Kinetic En.   Total Energy  Conserved En.    Temperature
   -5.20097e+05    8.46185e+04   -4.35479e+05   -4.35290e+05    3.01584e+02
 Pres. DC (bar) Pressure (bar)   Constr. rmsd
   -2.11265e+02    1.01241e+02    2.68369e-06

           Step           Time
         170000      340.00000

   Energies (kJ/mol)
           Bond          Angle    Proper Dih. Ryckaert-Bell.          LJ-14
    5.10980e+02    1.51161e+03    8.60309e+01    6.04174e+02    1.08261e+03
     Coulomb-14        LJ (SR)  Disper. corr.   Coulomb (SR)   Coul. recip.
    6.47559e+03    9.96265e+04   -4.27008e+03   -6.29954e+05    2.76005e+03
      Potential    Kinetic En.   Total Energy  Conserved En.    Temperature
   -5.21566e+05    8.46722e+04   -4.36894e+05   -4.35267e+05    3.01776e+02
 Pres. DC (bar) Pressure (bar)   Constr. rmsd
   -2.13064e+02    1.58102e+02    3.11278e-06

           Step           Time
         175000      350.00000

   Energies (kJ/mol)
           Bond          Angle    Proper Dih. Ryckaert-Bell.          LJ-14
    6.10723e+02    1.48822e+03    9.28012e+01    6.12306e+02    1.09749e+03
     Coulomb-14        LJ (SR)  Disper. corr.   Coulomb (SR)   Coul. recip.
    6.50038e+03    9.85268e+04   -4.24722e+03   -6.27628e+05    2.80623e+03
      Potential    Kinetic En.   Total Energy  Conserved En.    Temperature
   -5.20140e+05    8.39501e+04   -4.36190e+05   -4.35214e+05    2.99202e+02
 Pres. DC (bar) Pressure (bar)   Constr. rmsd
   -2.10792e+02   -8.35490e+01    2.95971e-06

           Step           Time
         180000      360.00000

   Energies (kJ/mol)
           Bond          Angle    Proper Dih. Ryckaert-Bell.          LJ-14
    6.62824e+02    1.53521e+03    9.23138e+01    6.36829e+02    1.02960e+03
     Coulomb-14        LJ (SR)  Disper. corr.   Coulomb (SR)   Coul. recip.
    6.46743e+03    9.83137e+04   -4.25981e+03   -6.28244e+05    2.80113e+03
      Potential    Kinetic En.   Total Energy  Conserved En.    Temperature
   -5.20965e+05    8.43057e+04   -4.36660e+05   -4.35172e+05    3.00469e+02
 Pres. DC (bar) Pressure (bar)   Constr. rmsd
   -2.12041e+02   -9.48251e+01    2.75400e-06

Writing checkpoint, step 183480 at Wed May 19 19:10:27 2021


           Step           Time
         185000      370.00000

   Energies (kJ/mol)
           Bond          Angle    Proper Dih. Ryckaert-Bell.          LJ-14
    6.73392e+02    1.50096e+03    1.15735e+02    6.35643e+02    1.04230e+03
     Coulomb-14        LJ (SR)  Disper. corr.   Coulomb (SR)   Coul. recip.
    6.45558e+03    9.82812e+04   -4.24301e+03   -6.27872e+05    2.77866e+03
      Potential    Kinetic En.   Total Energy  Conserved En.    Temperature
   -5.20632e+05    8.43491e+04   -4.36283e+05   -4.35152e+05    3.00624e+02
 Pres. DC (bar) Pressure (bar)   Constr. rmsd
   -2.10374e+02   -2.52350e+02    3.43569e-06

           Step           Time
         190000      380.00000

   Energies (kJ/mol)
           Bond          Angle    Proper Dih. Ryckaert-Bell.          LJ-14
    5.33653e+02    1.49418e+03    1.11044e+02    6.46777e+02    1.02261e+03
     Coulomb-14        LJ (SR)  Disper. corr.   Coulomb (SR)   Coul. recip.
    6.55780e+03    9.94719e+04   -4.24309e+03   -6.30354e+05    2.78187e+03
      Potential    Kinetic En.   Total Energy  Conserved En.    Temperature
   -5.21977e+05    8.29703e+04   -4.39007e+05   -4.35114e+05    2.95710e+02
 Pres. DC (bar) Pressure (bar)   Constr. rmsd
   -2.10382e+02   -1.40024e+02    3.20471e-06

           Step           Time
         195000      390.00000

   Energies (kJ/mol)
           Bond          Angle    Proper Dih. Ryckaert-Bell.          LJ-14
    5.90564e+02    1.53364e+03    1.03968e+02    6.86535e+02    1.07161e+03
     Coulomb-14        LJ (SR)  Disper. corr.   Coulomb (SR)   Coul. recip.
    6.55922e+03    9.94546e+04   -4.24248e+03   -6.29610e+05    2.75278e+03
      Potential    Kinetic En.   Total Energy  Conserved En.    Temperature
   -5.21099e+05    8.37136e+04   -4.37386e+05   -4.35082e+05    2.98359e+02
 Pres. DC (bar) Pressure (bar)   Constr. rmsd
   -2.10321e+02   -2.82113e+01    3.08882e-06

           Step           Time
         200000      400.00000

   Energies (kJ/mol)
           Bond          Angle    Proper Dih. Ryckaert-Bell.          LJ-14
    6.30251e+02    1.38795e+03    1.13844e+02    6.27365e+02    1.14132e+03
     Coulomb-14        LJ (SR)  Disper. corr.   Coulomb (SR)   Coul. recip.
    6.60802e+03    9.77353e+04   -4.27702e+03   -6.26777e+05    2.74887e+03
      Potential    Kinetic En.   Total Energy  Conserved En.    Temperature
   -5.20061e+05    8.43014e+04   -4.35760e+05   -4.35052e+05    3.00454e+02
 Pres. DC (bar) Pressure (bar)   Constr. rmsd
   -2.13756e+02    1.48458e-01    3.10422e-06

           Step           Time
         205000      410.00000

   Energies (kJ/mol)
           Bond          Angle    Proper Dih. Ryckaert-Bell.          LJ-14
    4.61313e+02    1.52541e+03    8.77715e+01    6.02920e+02    1.16147e+03
     Coulomb-14        LJ (SR)  Disper. corr.   Coulomb (SR)   Coul. recip.
    6.58771e+03    9.94516e+04   -4.24499e+03   -6.30512e+05    2.67711e+03
      Potential    Kinetic En.   Total Energy  Conserved En.    Temperature
   -5.22202e+05    8.39538e+04   -4.38248e+05   -4.35010e+05    2.99215e+02
 Pres. DC (bar) Pressure (bar)   Constr. rmsd
   -2.10570e+02    7.20429e+01    2.99653e-06

Writing checkpoint, step 209520 at Wed May 19 19:25:26 2021


           Step           Time
         210000      420.00000

   Energies (kJ/mol)
           Bond          Angle    Proper Dih. Ryckaert-Bell.          LJ-14
    6.32043e+02    1.54701e+03    9.08384e+01    6.96942e+02    1.05125e+03
     Coulomb-14        LJ (SR)  Disper. corr.   Coulomb (SR)   Coul. recip.
    6.48455e+03    9.84737e+04   -4.24667e+03   -6.28228e+05    2.72142e+03
      Potential    Kinetic En.   Total Energy  Conserved En.    Temperature
   -5.20777e+05    8.44383e+04   -4.36339e+05   -4.34961e+05    3.00942e+02
 Pres. DC (bar) Pressure (bar)   Constr. rmsd
   -2.10737e+02   -1.02014e+02    2.73821e-06

           Step           Time
         215000      430.00000

   Energies (kJ/mol)
           Bond          Angle    Proper Dih. Ryckaert-Bell.          LJ-14
    5.96149e+02    1.46299e+03    1.08562e+02    6.61700e+02    1.11153e+03
     Coulomb-14        LJ (SR)  Disper. corr.   Coulomb (SR)   Coul. recip.
    6.55515e+03    9.78017e+04   -4.25003e+03   -6.28322e+05    2.73170e+03
      Potential    Kinetic En.   Total Energy  Conserved En.    Temperature
   -5.21543e+05    8.39862e+04   -4.37556e+05   -4.34935e+05    2.99331e+02
 Pres. DC (bar) Pressure (bar)   Constr. rmsd
   -2.11070e+02   -2.61668e+02    2.86513e-06

           Step           Time
         220000      440.00000

   Energies (kJ/mol)
           Bond          Angle    Proper Dih. Ryckaert-Bell.          LJ-14
    5.26025e+02    1.42605e+03    8.62046e+01    6.82097e+02    1.11392e+03
     Coulomb-14        LJ (SR)  Disper. corr.   Coulomb (SR)   Coul. recip.
    6.55966e+03    9.99675e+04   -4.26610e+03   -6.29963e+05    2.72424e+03
      Potential    Kinetic En.   Total Energy  Conserved En.    Temperature
   -5.21144e+05    8.41489e+04   -4.36995e+05   -4.34890e+05    2.99911e+02
 Pres. DC (bar) Pressure (bar)   Constr. rmsd
   -2.12667e+02    2.69688e+02    3.17362e-06

           Step           Time
         225000      450.00000

   Energies (kJ/mol)
           Bond          Angle    Proper Dih. Ryckaert-Bell.          LJ-14
    6.23817e+02    1.52488e+03    9.44654e+01    6.31955e+02    1.10683e+03
     Coulomb-14        LJ (SR)  Disper. corr.   Coulomb (SR)   Coul. recip.
    6.52033e+03    9.81533e+04   -4.24797e+03   -6.26745e+05    2.61845e+03
      Potential    Kinetic En.   Total Energy  Conserved En.    Temperature
   -5.19719e+05    8.54291e+04   -4.34290e+05   -4.34876e+05    3.04474e+02
 Pres. DC (bar) Pressure (bar)   Constr. rmsd
   -2.10866e+02    5.72289e+01    2.98039e-06

           Step           Time
         230000      460.00000

   Energies (kJ/mol)
           Bond          Angle    Proper Dih. Ryckaert-Bell.          LJ-14
    6.20133e+02    1.49598e+03    9.27016e+01    6.71895e+02    1.07814e+03
     Coulomb-14        LJ (SR)  Disper. corr.   Coulomb (SR)   Coul. recip.
    6.52631e+03    9.93072e+04   -4.26234e+03   -6.29382e+05    2.73003e+03
      Potential    Kinetic En.   Total Energy  Conserved En.    Temperature
   -5.21122e+05    8.43672e+04   -4.36755e+05   -4.34830e+05    3.00689e+02
 Pres. DC (bar) Pressure (bar)   Constr. rmsd
   -2.12293e+02    5.91624e+01    3.33372e-06

Writing checkpoint, step 234560 at Wed May 19 19:40:26 2021


           Step           Time
         235000      470.00000

   Energies (kJ/mol)
           Bond          Angle    Proper Dih. Ryckaert-Bell.          LJ-14
    6.27590e+02    1.53692e+03    9.58626e+01    5.98271e+02    1.06209e+03
     Coulomb-14        LJ (SR)  Disper. corr.   Coulomb (SR)   Coul. recip.
    6.47819e+03    9.84359e+04   -4.24988e+03   -6.28200e+05    2.81674e+03
      Potential    Kinetic En.   Total Energy  Conserved En.    Temperature
   -5.20798e+05    8.35903e+04   -4.37208e+05   -4.34805e+05    2.97920e+02
 Pres. DC (bar) Pressure (bar)   Constr. rmsd
   -2.11055e+02   -1.28770e+02    3.21703e-06

           Step           Time
         240000      480.00000

   Energies (kJ/mol)
           Bond          Angle    Proper Dih. Ryckaert-Bell.          LJ-14
    5.98801e+02    1.48538e+03    1.01706e+02    5.79350e+02    1.10586e+03
     Coulomb-14        LJ (SR)  Disper. corr.   Coulomb (SR)   Coul. recip.
    6.53056e+03    9.92201e+04   -4.26749e+03   -6.29320e+05    2.68151e+03
      Potential    Kinetic En.   Total Energy  Conserved En.    Temperature
   -5.21284e+05    8.37129e+04   -4.37572e+05   -4.34768e+05    2.98357e+02
 Pres. DC (bar) Pressure (bar)   Constr. rmsd
   -2.12806e+02    5.85598e+01    3.40213e-06

           Step           Time
         245000      490.00000

   Energies (kJ/mol)
           Bond          Angle    Proper Dih. Ryckaert-Bell.          LJ-14
    6.05046e+02    1.41635e+03    9.38204e+01    6.70387e+02    1.12124e+03
     Coulomb-14        LJ (SR)  Disper. corr.   Coulomb (SR)   Coul. recip.
    6.54448e+03    9.87448e+04   -4.25783e+03   -6.28986e+05    2.69372e+03
      Potential    Kinetic En.   Total Energy  Conserved En.    Temperature
   -5.21354e+05    8.48058e+04   -4.36548e+05   -4.34711e+05    3.02252e+02
 Pres. DC (bar) Pressure (bar)   Constr. rmsd
   -2.11844e+02   -2.96023e+01    3.49613e-06

           Step           Time
         250000      500.00000

   Energies (kJ/mol)
           Bond          Angle    Proper Dih. Ryckaert-Bell.          LJ-14
    5.93595e+02    1.49086e+03    9.22871e+01    6.36968e+02    1.10108e+03
     Coulomb-14        LJ (SR)  Disper. corr.   Coulomb (SR)   Coul. recip.
    6.51580e+03    9.79370e+04   -4.28479e+03   -6.26933e+05    2.75627e+03
      Potential    Kinetic En.   Total Energy  Conserved En.    Temperature
   -5.20094e+05    8.38882e+04   -4.36206e+05   -4.34658e+05    2.98981e+02
 Pres. DC (bar) Pressure (bar)   Constr. rmsd
   -2.14532e+02    1.09854e+02    3.30912e-06

           Step           Time
         255000      510.00000

   Energies (kJ/mol)
           Bond          Angle    Proper Dih. Ryckaert-Bell.          LJ-14
    5.61716e+02    1.49663e+03    7.74547e+01    5.70650e+02    1.08136e+03
     Coulomb-14        LJ (SR)  Disper. corr.   Coulomb (SR)   Coul. recip.
    6.49959e+03    9.74410e+04   -4.25795e+03   -6.27450e+05    2.84223e+03
      Potential    Kinetic En.   Total Energy  Conserved En.    Temperature
   -5.21137e+05    8.38146e+04   -4.37322e+05   -4.34650e+05    2.98719e+02
 Pres. DC (bar) Pressure (bar)   Constr. rmsd
   -2.11856e+02   -2.64667e+02    3.00529e-06

Writing checkpoint, step 258640 at Wed May 19 19:55:26 2021


           Step           Time
         260000      520.00000

   Energies (kJ/mol)
           Bond          Angle    Proper Dih. Ryckaert-Bell.          LJ-14
    6.29883e+02    1.50985e+03    8.44117e+01    6.19115e+02    1.05618e+03
     Coulomb-14        LJ (SR)  Disper. corr.   Coulomb (SR)   Coul. recip.
    6.50715e+03    9.92839e+04   -4.24967e+03   -6.29122e+05    2.76936e+03
      Potential    Kinetic En.   Total Energy  Conserved En.    Temperature
   -5.20911e+05    8.48059e+04   -4.36106e+05   -4.34571e+05    3.02252e+02
 Pres. DC (bar) Pressure (bar)   Constr. rmsd
   -2.11034e+02   -1.06888e+02    3.89774e-06

           Step           Time
         265000      530.00000

   Energies (kJ/mol)
           Bond          Angle    Proper Dih. Ryckaert-Bell.          LJ-14
    5.60497e+02    1.52579e+03    9.45676e+01    5.37321e+02    1.09645e+03
     Coulomb-14        LJ (SR)  Disper. corr.   Coulomb (SR)   Coul. recip.
    6.54009e+03    9.99938e+04   -4.26156e+03   -6.30700e+05    2.79769e+03
      Potential    Kinetic En.   Total Energy  Conserved En.    Temperature
   -5.21815e+05    8.42001e+04   -4.37615e+05   -4.34536e+05    3.00093e+02
 Pres. DC (bar) Pressure (bar)   Constr. rmsd
   -2.12215e+02    1.68492e+02    2.65060e-06

           Step           Time
         270000      540.00000

   Energies (kJ/mol)
           Bond          Angle    Proper Dih. Ryckaert-Bell.          LJ-14
    5.16909e+02    1.46984e+03    7.15207e+01    5.91483e+02    1.11336e+03
     Coulomb-14        LJ (SR)  Disper. corr.   Coulomb (SR)   Coul. recip.
    6.48012e+03    9.93911e+04   -4.24782e+03   -6.30006e+05    2.73484e+03
      Potential    Kinetic En.   Total Energy  Conserved En.    Temperature
   -5.21885e+05    8.37026e+04   -4.38182e+05   -4.34482e+05    2.98320e+02
 Pres. DC (bar) Pressure (bar)   Constr. rmsd
   -2.10851e+02   -1.76384e+01    3.33964e-06

           Step           Time
         275000      550.00000

   Energies (kJ/mol)
           Bond          Angle    Proper Dih. Ryckaert-Bell.          LJ-14
    5.80835e+02    1.55881e+03    9.06517e+01    5.93273e+02    1.06095e+03
     Coulomb-14        LJ (SR)  Disper. corr.   Coulomb (SR)   Coul. recip.
    6.49788e+03    9.81377e+04   -4.24117e+03   -6.27528e+05    2.82186e+03
      Potential    Kinetic En.   Total Energy  Conserved En.    Temperature
   -5.20427e+05    8.43905e+04   -4.36037e+05   -4.34442e+05    3.00772e+02
 Pres. DC (bar) Pressure (bar)   Constr. rmsd
   -2.10192e+02   -1.68250e+02    3.11102e-06

           Step           Time
         280000      560.00000

   Energies (kJ/mol)
           Bond          Angle    Proper Dih. Ryckaert-Bell.          LJ-14
    6.32609e+02    1.49106e+03    1.04721e+02    6.51356e+02    1.12544e+03
     Coulomb-14        LJ (SR)  Disper. corr.   Coulomb (SR)   Coul. recip.
    6.50577e+03    9.83269e+04   -4.26180e+03   -6.27950e+05    2.73210e+03
      Potential    Kinetic En.   Total Energy  Conserved En.    Temperature
   -5.20642e+05    8.43859e+04   -4.36256e+05   -4.34408e+05    3.00755e+02
 Pres. DC (bar) Pressure (bar)   Constr. rmsd
   -2.12239e+02    5.78902e+00    2.93144e-06

Writing checkpoint, step 283760 at Wed May 19 20:10:25 2021


           Step           Time
         285000      570.00000

   Energies (kJ/mol)
           Bond          Angle    Proper Dih. Ryckaert-Bell.          LJ-14
    5.71314e+02    1.60093e+03    7.13502e+01    6.00198e+02    1.09760e+03
     Coulomb-14        LJ (SR)  Disper. corr.   Coulomb (SR)   Coul. recip.
    6.53300e+03    9.87352e+04   -4.24829e+03   -6.28191e+05    2.76073e+03
      Potential    Kinetic En.   Total Energy  Conserved En.    Temperature
   -5.20469e+05    8.37178e+04   -4.36751e+05   -4.34360e+05    2.98374e+02
 Pres. DC (bar) Pressure (bar)   Constr. rmsd
   -2.10898e+02   -1.49993e+01    3.23606e-06

           Step           Time
         290000      580.00000

   Energies (kJ/mol)
           Bond          Angle    Proper Dih. Ryckaert-Bell.          LJ-14
    5.61860e+02    1.52643e+03    1.07464e+02    6.34128e+02    1.09187e+03
     Coulomb-14        LJ (SR)  Disper. corr.   Coulomb (SR)   Coul. recip.
    6.54786e+03    1.00462e+05   -4.27942e+03   -6.31275e+05    2.74690e+03
      Potential    Kinetic En.   Total Energy  Conserved En.    Temperature
   -5.21875e+05    8.43664e+04   -4.37509e+05   -4.34318e+05    3.00686e+02
 Pres. DC (bar) Pressure (bar)   Constr. rmsd
   -2.13996e+02    2.26106e+02    3.21129e-06

           Step           Time
         295000      590.00000

   Energies (kJ/mol)
           Bond          Angle    Proper Dih. Ryckaert-Bell.          LJ-14
    6.09837e+02    1.49672e+03    9.99849e+01    6.46073e+02    1.05386e+03
     Coulomb-14        LJ (SR)  Disper. corr.   Coulomb (SR)   Coul. recip.
    6.57684e+03    9.91913e+04   -4.26144e+03   -6.28422e+05    2.75543e+03
      Potential    Kinetic En.   Total Energy  Conserved En.    Temperature
   -5.20253e+05    8.40105e+04   -4.36243e+05   -4.34284e+05    2.99417e+02
 Pres. DC (bar) Pressure (bar)   Constr. rmsd
   -2.12203e+02    2.52163e+00    3.23019e-06

           Step           Time
         300000      600.00000

   Energies (kJ/mol)
           Bond          Angle    Proper Dih. Ryckaert-Bell.          LJ-14
    6.42299e+02    1.49866e+03    9.30949e+01    6.36261e+02    1.09677e+03
     Coulomb-14        LJ (SR)  Disper. corr.   Coulomb (SR)   Coul. recip.
    6.50139e+03    9.87500e+04   -4.24060e+03   -6.28023e+05    2.76243e+03
      Potential    Kinetic En.   Total Energy  Conserved En.    Temperature
   -5.20283e+05    8.45844e+04   -4.35698e+05   -4.34232e+05    3.01463e+02
 Pres. DC (bar) Pressure (bar)   Constr. rmsd
   -2.10135e+02   -6.64104e+01    3.11708e-06

           Step           Time
         305000      610.00000

   Energies (kJ/mol)
           Bond          Angle    Proper Dih. Ryckaert-Bell.          LJ-14
    6.15349e+02    1.53742e+03    8.95968e+01    6.00738e+02    1.06839e+03
     Coulomb-14        LJ (SR)  Disper. corr.   Coulomb (SR)   Coul. recip.
    6.45165e+03    9.89218e+04   -4.24993e+03   -6.28673e+05    2.82019e+03
      Potential    Kinetic En.   Total Energy  Conserved En.    Temperature
   -5.20818e+05    8.50650e+04   -4.35753e+05   -4.34228e+05    3.03176e+02
 Pres. DC (bar) Pressure (bar)   Constr. rmsd
   -2.11060e+02   -1.64165e+01    3.72373e-06

           Step           Time
         310000      620.00000

   Energies (kJ/mol)
           Bond          Angle    Proper Dih. Ryckaert-Bell.          LJ-14
    6.09559e+02    1.48156e+03    9.82273e+01    5.95845e+02    1.07689e+03
     Coulomb-14        LJ (SR)  Disper. corr.   Coulomb (SR)   Coul. recip.
    6.51672e+03    1.00430e+05   -4.26273e+03   -6.30314e+05    2.79673e+03
      Potential    Kinetic En.   Total Energy  Conserved En.    Temperature
   -5.20972e+05    8.37039e+04   -4.37268e+05   -4.34172e+05    2.98325e+02
 Pres. DC (bar) Pressure (bar)   Constr. rmsd
   -2.12332e+02    2.16952e+02    3.32489e-06

Writing checkpoint, step 312360 at Wed May 19 20:25:25 2021


           Step           Time
         315000      630.00000

   Energies (kJ/mol)
           Bond          Angle    Proper Dih. Ryckaert-Bell.          LJ-14
    6.08942e+02    1.45027e+03    1.07083e+02    5.77733e+02    1.12826e+03
     Coulomb-14        LJ (SR)  Disper. corr.   Coulomb (SR)   Coul. recip.
    6.52736e+03    9.95511e+04   -4.23685e+03   -6.28537e+05    2.79637e+03
      Potential    Kinetic En.   Total Energy  Conserved En.    Temperature
   -5.20026e+05    8.41777e+04   -4.35849e+05   -4.34162e+05    3.00013e+02
 Pres. DC (bar) Pressure (bar)   Constr. rmsd
   -2.09765e+02    7.96543e+01    3.57854e-06

           Step           Time
         320000      640.00000

   Energies (kJ/mol)
           Bond          Angle    Proper Dih. Ryckaert-Bell.          LJ-14
    6.02936e+02    1.53615e+03    1.27403e+02    5.84587e+02    1.11384e+03
     Coulomb-14        LJ (SR)  Disper. corr.   Coulomb (SR)   Coul. recip.
    6.62380e+03    9.92777e+04   -4.27603e+03   -6.29020e+05    2.76784e+03
      Potential    Kinetic En.   Total Energy  Conserved En.    Temperature
   -5.20661e+05    8.38021e+04   -4.36859e+05   -4.34110e+05    2.98675e+02
 Pres. DC (bar) Pressure (bar)   Constr. rmsd
   -2.13657e+02    1.22185e+02    2.30320e-06

           Step           Time
         325000      650.00000

   Energies (kJ/mol)
           Bond          Angle    Proper Dih. Ryckaert-Bell.          LJ-14
    5.71864e+02    1.51960e+03    9.90773e+01    5.69600e+02    1.08695e+03
     Coulomb-14        LJ (SR)  Disper. corr.   Coulomb (SR)   Coul. recip.
    6.54206e+03    9.83636e+04   -4.25689e+03   -6.27657e+05    2.80104e+03
      Potential    Kinetic En.   Total Energy  Conserved En.    Temperature
   -5.20360e+05    8.42143e+04   -4.36146e+05   -4.34091e+05    3.00144e+02
 Pres. DC (bar) Pressure (bar)   Constr. rmsd
   -2.11751e+02   -1.64183e+01    3.35357e-06

           Step           Time
         330000      660.00000

   Energies (kJ/mol)
           Bond          Angle    Proper Dih. Ryckaert-Bell.          LJ-14
    6.31932e+02    1.55622e+03    9.16949e+01    5.62580e+02    1.07924e+03
     Coulomb-14        LJ (SR)  Disper. corr.   Coulomb (SR)   Coul. recip.
    6.51144e+03    9.96309e+04   -4.25965e+03   -6.30785e+05    2.72599e+03
      Potential    Kinetic En.   Total Energy  Conserved En.    Temperature
   -5.22255e+05    8.43676e+04   -4.37887e+05   -4.34031e+05    3.00690e+02
 Pres. DC (bar) Pressure (bar)   Constr. rmsd
   -2.12026e+02    1.77114e+01    3.17471e-06

           Step           Time
         335000      670.00000

   Energies (kJ/mol)
           Bond          Angle    Proper Dih. Ryckaert-Bell.          LJ-14
    5.57145e+02    1.55822e+03    1.04168e+02    5.89676e+02    1.08932e+03
     Coulomb-14        LJ (SR)  Disper. corr.   Coulomb (SR)   Coul. recip.
    6.50928e+03    9.81779e+04   -4.25404e+03   -6.25931e+05    2.79264e+03
      Potential    Kinetic En.   Total Energy  Conserved En.    Temperature
   -5.18807e+05    8.43789e+04   -4.34428e+05   -4.34009e+05    3.00730e+02
 Pres. DC (bar) Pressure (bar)   Constr. rmsd
   -2.11468e+02    4.55177e+01    3.49205e-06

           Step           Time
         340000      680.00000

   Energies (kJ/mol)
           Bond          Angle    Proper Dih. Ryckaert-Bell.          LJ-14
    5.75470e+02    1.57513e+03    1.05080e+02    5.37839e+02    1.12923e+03
     Coulomb-14        LJ (SR)  Disper. corr.   Coulomb (SR)   Coul. recip.
    6.52725e+03    9.90433e+04   -4.26498e+03   -6.28417e+05    2.73497e+03
      Potential    Kinetic En.   Total Energy  Conserved En.    Temperature
   -5.20454e+05    8.39192e+04   -4.36535e+05   -4.33984e+05    2.99092e+02
 Pres. DC (bar) Pressure (bar)   Constr. rmsd
   -2.12556e+02    7.75269e+01    2.92497e-06

Writing checkpoint, step 340640 at Wed May 19 20:40:25 2021


           Step           Time
         345000      690.00000

   Energies (kJ/mol)
           Bond          Angle    Proper Dih. Ryckaert-Bell.          LJ-14
    5.78774e+02    1.61923e+03    1.05709e+02    5.77299e+02    1.07574e+03
     Coulomb-14        LJ (SR)  Disper. corr.   Coulomb (SR)   Coul. recip.
    6.52591e+03    9.89582e+04   -4.25407e+03   -6.27480e+05    2.72911e+03
      Potential    Kinetic En.   Total Energy  Conserved En.    Temperature
   -5.19565e+05    8.49913e+04   -4.34573e+05   -4.33946e+05    3.02913e+02
 Pres. DC (bar) Pressure (bar)   Constr. rmsd
   -2.11471e+02    7.54611e+01    3.49624e-06

           Step           Time
         350000      700.00000

   Energies (kJ/mol)
           Bond          Angle    Proper Dih. Ryckaert-Bell.          LJ-14
    5.91142e+02    1.53894e+03    1.08738e+02    5.62679e+02    1.08188e+03
     Coulomb-14        LJ (SR)  Disper. corr.   Coulomb (SR)   Coul. recip.
    6.54997e+03    9.82552e+04   -4.25398e+03   -6.27818e+05    2.85075e+03
      Potential    Kinetic En.   Total Energy  Conserved En.    Temperature
   -5.20533e+05    8.46980e+04   -4.35835e+05   -4.33887e+05    3.01868e+02
 Pres. DC (bar) Pressure (bar)   Constr. rmsd
   -2.11462e+02   -2.24138e+01    2.78420e-06

           Step           Time
         355000      710.00000

   Energies (kJ/mol)
           Bond          Angle    Proper Dih. Ryckaert-Bell.          LJ-14
    6.20389e+02    1.49599e+03    1.00055e+02    6.38296e+02    1.09895e+03
     Coulomb-14        LJ (SR)  Disper. corr.   Coulomb (SR)   Coul. recip.
    6.58413e+03    9.81897e+04   -4.25008e+03   -6.26945e+05    2.81746e+03
      Potential    Kinetic En.   Total Energy  Conserved En.    Temperature
   -5.19651e+05    8.32570e+04   -4.36394e+05   -4.33842e+05    2.96732e+02
 Pres. DC (bar) Pressure (bar)   Constr. rmsd
   -2.11075e+02   -1.11178e+02    3.33740e-06

           Step           Time
         360000      720.00000

   Energies (kJ/mol)
           Bond          Angle    Proper Dih. Ryckaert-Bell.          LJ-14
    6.30195e+02    1.60267e+03    8.55647e+01    5.71824e+02    1.09580e+03
     Coulomb-14        LJ (SR)  Disper. corr.   Coulomb (SR)   Coul. recip.
    6.56599e+03    9.68561e+04   -4.24383e+03   -6.25899e+05    2.70050e+03
      Potential    Kinetic En.   Total Energy  Conserved En.    Temperature
   -5.20034e+05    8.43053e+04   -4.35729e+05   -4.33828e+05    3.00468e+02
 Pres. DC (bar) Pressure (bar)   Constr. rmsd
   -2.10455e+02   -3.40110e+02    2.74653e-06

           Step           Time
         365000      730.00000

   Energies (kJ/mol)
           Bond          Angle    Proper Dih. Ryckaert-Bell.          LJ-14
    5.41867e+02    1.40974e+03    9.90326e+01    5.76844e+02    1.12107e+03
     Coulomb-14        LJ (SR)  Disper. corr.   Coulomb (SR)   Coul. recip.
    6.50132e+03    1.00105e+05   -4.26405e+03   -6.31697e+05    2.72857e+03
      Potential    Kinetic En.   Total Energy  Conserved En.    Temperature
   -5.22878e+05    8.46137e+04   -4.38264e+05   -4.33782e+05    3.01567e+02
 Pres. DC (bar) Pressure (bar)   Constr. rmsd
   -2.12463e+02    9.66506e+01    2.58582e-06

Writing checkpoint, step 366680 at Wed May 19 20:55:26 2021


           Step           Time
         370000      740.00000

   Energies (kJ/mol)
           Bond          Angle    Proper Dih. Ryckaert-Bell.          LJ-14
    5.73735e+02    1.53064e+03    9.12066e+01    5.74786e+02    1.10553e+03
     Coulomb-14        LJ (SR)  Disper. corr.   Coulomb (SR)   Coul. recip.
    6.54993e+03    1.00288e+05   -4.24353e+03   -6.29934e+05    2.82254e+03
      Potential    Kinetic En.   Total Energy  Conserved En.    Temperature
   -5.20642e+05    8.38537e+04   -4.36788e+05   -4.33750e+05    2.98859e+02
 Pres. DC (bar) Pressure (bar)   Constr. rmsd
   -2.10426e+02    1.79584e+02    3.01342e-06

           Step           Time
         375000      750.00000

   Energies (kJ/mol)
           Bond          Angle    Proper Dih. Ryckaert-Bell.          LJ-14
    6.36970e+02    1.45366e+03    9.15657e+01    6.18058e+02    1.07402e+03
     Coulomb-14        LJ (SR)  Disper. corr.   Coulomb (SR)   Coul. recip.
    6.53407e+03    9.85987e+04   -4.25767e+03   -6.28352e+05    2.76696e+03
      Potential    Kinetic En.   Total Energy  Conserved En.    Temperature
   -5.20836e+05    8.44758e+04   -4.36360e+05   -4.33720e+05    3.01076e+02
 Pres. DC (bar) Pressure (bar)   Constr. rmsd
   -2.11828e+02   -8.11565e+01    3.36140e-06

           Step           Time
         380000      760.00000

   Energies (kJ/mol)
           Bond          Angle    Proper Dih. Ryckaert-Bell.          LJ-14
    5.97023e+02    1.57203e+03    9.65297e+01    5.81998e+02    1.06731e+03
     Coulomb-14        LJ (SR)  Disper. corr.   Coulomb (SR)   Coul. recip.
    6.53691e+03    9.81655e+04   -4.25352e+03   -6.27488e+05    2.79350e+03
      Potential    Kinetic En.   Total Energy  Conserved En.    Temperature
   -5.20331e+05    8.38555e+04   -4.36476e+05   -4.33681e+05    2.98865e+02
 Pres. DC (bar) Pressure (bar)   Constr. rmsd
   -2.11417e+02   -1.73203e+02    2.90722e-06

           Step           Time
         385000      770.00000

   Energies (kJ/mol)
           Bond          Angle    Proper Dih. Ryckaert-Bell.          LJ-14
    6.50875e+02    1.51910e+03    1.15604e+02    6.13630e+02    1.08958e+03
     Coulomb-14        LJ (SR)  Disper. corr.   Coulomb (SR)   Coul. recip.
    6.54326e+03    9.85736e+04   -4.26754e+03   -6.29313e+05    2.72738e+03
      Potential    Kinetic En.   Total Energy  Conserved En.    Temperature
   -5.21748e+05    8.43772e+04   -4.37370e+05   -4.33657e+05    3.00724e+02
 Pres. DC (bar) Pressure (bar)   Constr. rmsd
   -2.12810e+02   -8.41436e+01    3.04726e-06

           Step           Time
         390000      780.00000

   Energies (kJ/mol)
           Bond          Angle    Proper Dih. Ryckaert-Bell.          LJ-14
    5.86115e+02    1.55195e+03    8.00619e+01    6.42110e+02    1.09858e+03
     Coulomb-14        LJ (SR)  Disper. corr.   Coulomb (SR)   Coul. recip.
    6.53395e+03    9.98589e+04   -4.26788e+03   -6.30728e+05    2.77648e+03
      Potential    Kinetic En.   Total Energy  Conserved En.    Temperature
   -5.21868e+05    8.48192e+04   -4.37049e+05   -4.33603e+05    3.02300e+02
 Pres. DC (bar) Pressure (bar)   Constr. rmsd
   -2.12845e+02    1.35463e+02    3.12988e-06

Writing checkpoint, step 390040 at Wed May 19 21:10:25 2021


           Step           Time
         395000      790.00000

   Energies (kJ/mol)
           Bond          Angle    Proper Dih. Ryckaert-Bell.          LJ-14
    6.04459e+02    1.42075e+03    8.16223e+01    5.61993e+02    1.09072e+03
     Coulomb-14        LJ (SR)  Disper. corr.   Coulomb (SR)   Coul. recip.
    6.51399e+03    9.88488e+04   -4.28723e+03   -6.30164e+05    2.67608e+03
      Potential    Kinetic En.   Total Energy  Conserved En.    Temperature
   -5.22653e+05    8.43842e+04   -4.38269e+05   -4.33574e+05    3.00750e+02
 Pres. DC (bar) Pressure (bar)   Constr. rmsd
   -2.14777e+02   -1.16093e+01    3.76049e-06

           Step           Time
         400000      800.00000

   Energies (kJ/mol)
           Bond          Angle    Proper Dih. Ryckaert-Bell.          LJ-14
    5.79175e+02    1.47401e+03    1.01469e+02    5.45641e+02    1.13377e+03
     Coulomb-14        LJ (SR)  Disper. corr.   Coulomb (SR)   Coul. recip.
    6.51391e+03    9.80391e+04   -4.25847e+03   -6.27920e+05    2.69050e+03
      Potential    Kinetic En.   Total Energy  Conserved En.    Temperature
   -5.21101e+05    8.37158e+04   -4.37385e+05   -4.33546e+05    2.98367e+02
 Pres. DC (bar) Pressure (bar)   Constr. rmsd
   -2.11909e+02   -1.36839e+02    3.35326e-06

           Step           Time
         405000      810.00000

   Energies (kJ/mol)
           Bond          Angle    Proper Dih. Ryckaert-Bell.          LJ-14
    6.38785e+02    1.43892e+03    8.85246e+01    5.18379e+02    1.13777e+03
     Coulomb-14        LJ (SR)  Disper. corr.   Coulomb (SR)   Coul. recip.
    6.56521e+03    9.87604e+04   -4.26588e+03   -6.28451e+05    2.75593e+03
      Potential    Kinetic En.   Total Energy  Conserved En.    Temperature
   -5.20813e+05    8.40273e+04   -4.36786e+05   -4.33517e+05    2.99477e+02
 Pres. DC (bar) Pressure (bar)   Constr. rmsd
   -2.12645e+02    8.42975e+01    3.47032e-06

           Step           Time
         410000      820.00000

   Energies (kJ/mol)
           Bond          Angle    Proper Dih. Ryckaert-Bell.          LJ-14
    5.66086e+02    1.58243e+03    1.06479e+02    5.85206e+02    1.09388e+03
     Coulomb-14        LJ (SR)  Disper. corr.   Coulomb (SR)   Coul. recip.
    6.50460e+03    9.62007e+04   -4.24589e+03   -6.24833e+05    2.77970e+03
      Potential    Kinetic En.   Total Energy  Conserved En.    Temperature
   -5.19659e+05    8.38599e+04   -4.35800e+05   -4.33496e+05    2.98881e+02
 Pres. DC (bar) Pressure (bar)   Constr. rmsd
   -2.10660e+02   -4.46224e+02    2.90181e-06

           Step           Time
         415000      830.00000

   Energies (kJ/mol)
           Bond          Angle    Proper Dih. Ryckaert-Bell.          LJ-14
    6.21061e+02    1.57375e+03    7.81171e+01    5.27072e+02    1.07060e+03
     Coulomb-14        LJ (SR)  Disper. corr.   Coulomb (SR)   Coul. recip.
    6.53425e+03    9.89951e+04   -4.26743e+03   -6.28104e+05    2.82748e+03
      Potential    Kinetic En.   Total Energy  Conserved En.    Temperature
   -5.20144e+05    8.50697e+04   -4.35074e+05   -4.33455e+05    3.03193e+02
 Pres. DC (bar) Pressure (bar)   Constr. rmsd
   -2.12800e+02    8.85309e+01    3.37909e-06

Writing checkpoint, step 416760 at Wed May 19 21:25:25 2021


           Step           Time
         420000      840.00000

   Energies (kJ/mol)
           Bond          Angle    Proper Dih. Ryckaert-Bell.          LJ-14
    6.29973e+02    1.38809e+03    8.73513e+01    5.58502e+02    1.03858e+03
     Coulomb-14        LJ (SR)  Disper. corr.   Coulomb (SR)   Coul. recip.
    6.52317e+03    9.90952e+04   -4.28297e+03   -6.29571e+05    2.76993e+03
      Potential    Kinetic En.   Total Energy  Conserved En.    Temperature
   -5.21763e+05    8.38096e+04   -4.37954e+05   -4.33430e+05    2.98701e+02
 Pres. DC (bar) Pressure (bar)   Constr. rmsd
   -2.14351e+02    5.12586e+00    2.72003e-06

           Step           Time
         425000      850.00000

   Energies (kJ/mol)
           Bond          Angle    Proper Dih. Ryckaert-Bell.          LJ-14
    6.11509e+02    1.60703e+03    1.05922e+02    5.30006e+02    1.11772e+03
     Coulomb-14        LJ (SR)  Disper. corr.   Coulomb (SR)   Coul. recip.
    6.53141e+03    9.84030e+04   -4.26620e+03   -6.28423e+05    2.79677e+03
      Potential    Kinetic En.   Total Energy  Conserved En.    Temperature
   -5.20986e+05    8.40155e+04   -4.36971e+05   -4.33376e+05    2.99435e+02
 Pres. DC (bar) Pressure (bar)   Constr. rmsd
   -2.12677e+02   -3.78911e+01    3.07040e-06

           Step           Time
         430000      860.00000

   Energies (kJ/mol)
           Bond          Angle    Proper Dih. Ryckaert-Bell.          LJ-14
    5.64377e+02    1.60748e+03    9.25107e+01    5.75313e+02    1.10922e+03
     Coulomb-14        LJ (SR)  Disper. corr.   Coulomb (SR)   Coul. recip.
    6.54245e+03    9.92079e+04   -4.26281e+03   -6.29079e+05    2.72806e+03
      Potential    Kinetic En.   Total Energy  Conserved En.    Temperature
   -5.20915e+05    8.53327e+04   -4.35582e+05   -4.33338e+05    3.04130e+02
 Pres. DC (bar) Pressure (bar)   Constr. rmsd
   -2.12340e+02    6.70663e+01    3.13882e-06

           Step           Time
         435000      870.00000

   Energies (kJ/mol)
           Bond          Angle    Proper Dih. Ryckaert-Bell.          LJ-14
    5.42489e+02    1.51182e+03    1.08464e+02    6.59307e+02    1.13952e+03
     Coulomb-14        LJ (SR)  Disper. corr.   Coulomb (SR)   Coul. recip.
    6.58289e+03    9.89828e+04   -4.25011e+03   -6.28935e+05    2.75110e+03
      Potential    Kinetic En.   Total Energy  Conserved En.    Temperature
   -5.20907e+05    8.42332e+04   -4.36674e+05   -4.33307e+05    3.00211e+02
 Pres. DC (bar) Pressure (bar)   Constr. rmsd
   -2.11078e+02    2.02107e+01    2.67667e-06

           Step           Time
         440000      880.00000

   Energies (kJ/mol)
           Bond          Angle    Proper Dih. Ryckaert-Bell.          LJ-14
    6.41407e+02    1.54109e+03    9.59803e+01    5.56360e+02    1.08774e+03
     Coulomb-14        LJ (SR)  Disper. corr.   Coulomb (SR)   Coul. recip.
    6.54069e+03    9.90022e+04   -4.25089e+03   -6.28209e+05    2.83521e+03
      Potential    Kinetic En.   Total Energy  Conserved En.    Temperature
   -5.20159e+05    8.47168e+04   -4.35443e+05   -4.33255e+05    3.01935e+02
 Pres. DC (bar) Pressure (bar)   Constr. rmsd
   -2.11155e+02    8.15475e+01    3.40035e-06

           Step           Time
         445000      890.00000

   Energies (kJ/mol)
           Bond          Angle    Proper Dih. Ryckaert-Bell.          LJ-14
    6.32377e+02    1.51608e+03    9.91734e+01    5.78513e+02    1.08188e+03
     Coulomb-14        LJ (SR)  Disper. corr.   Coulomb (SR)   Coul. recip.
    6.53709e+03    9.99744e+04   -4.24600e+03   -6.29646e+05    2.77726e+03
      Potential    Kinetic En.   Total Energy  Conserved En.    Temperature
   -5.20696e+05    8.38785e+04   -4.36817e+05   -4.33189e+05    2.98947e+02
 Pres. DC (bar) Pressure (bar)   Constr. rmsd
   -2.10671e+02    2.16404e+02    3.04755e-06

Writing checkpoint, step 449080 at Wed May 19 21:40:26 2021


           Step           Time
         450000      900.00000

   Energies (kJ/mol)
           Bond          Angle    Proper Dih. Ryckaert-Bell.          LJ-14
    6.24175e+02    1.55955e+03    1.13266e+02    5.60085e+02    1.07222e+03
     Coulomb-14        LJ (SR)  Disper. corr.   Coulomb (SR)   Coul. recip.
    6.51950e+03    9.90828e+04   -4.27617e+03   -6.28240e+05    2.73486e+03
      Potential    Kinetic En.   Total Energy  Conserved En.    Temperature
   -5.20249e+05    8.41640e+04   -4.36085e+05   -4.33168e+05    2.99964e+02
 Pres. DC (bar) Pressure (bar)   Constr. rmsd
   -2.13671e+02    3.31955e+01    3.41479e-06

           Step           Time
         455000      910.00000

   Energies (kJ/mol)
           Bond          Angle    Proper Dih. Ryckaert-Bell.          LJ-14
    5.85162e+02    1.49881e+03    7.94287e+01    5.12358e+02    1.07715e+03
     Coulomb-14        LJ (SR)  Disper. corr.   Coulomb (SR)   Coul. recip.
    6.51108e+03    9.74335e+04   -4.23402e+03   -6.26245e+05    2.75330e+03
      Potential    Kinetic En.   Total Energy  Conserved En.    Temperature
   -5.20028e+05    8.35609e+04   -4.36467e+05   -4.33144e+05    2.97815e+02
 Pres. DC (bar) Pressure (bar)   Constr. rmsd
   -2.09485e+02   -2.18046e+02    3.69707e-06

           Step           Time
         460000      920.00000

   Energies (kJ/mol)
           Bond          Angle    Proper Dih. Ryckaert-Bell.          LJ-14
    6.27190e+02    1.47299e+03    8.65050e+01    4.75564e+02    1.13651e+03
     Coulomb-14        LJ (SR)  Disper. corr.   Coulomb (SR)   Coul. recip.
    6.55741e+03    9.92222e+04   -4.27013e+03   -6.28810e+05    2.71014e+03
      Potential    Kinetic En.   Total Energy  Conserved En.    Temperature
   -5.20792e+05    8.39238e+04   -4.36868e+05   -4.33070e+05    2.99108e+02
 Pres. DC (bar) Pressure (bar)   Constr. rmsd
   -2.13069e+02    1.14481e+02    3.50496e-06

           Step           Time
         465000      930.00000

   Energies (kJ/mol)
           Bond          Angle    Proper Dih. Ryckaert-Bell.          LJ-14
    6.80431e+02    1.48265e+03    9.26421e+01    5.05092e+02    1.07672e+03
     Coulomb-14        LJ (SR)  Disper. corr.   Coulomb (SR)   Coul. recip.
    6.48165e+03    9.82729e+04   -4.23966e+03   -6.27886e+05    2.77720e+03
      Potential    Kinetic En.   Total Energy  Conserved En.    Temperature
   -5.20756e+05    8.42195e+04   -4.36536e+05   -4.33031e+05    3.00162e+02
 Pres. DC (bar) Pressure (bar)   Constr. rmsd
   -2.10042e+02   -2.45209e+02    3.15155e-06

           Step           Time
         470000      940.00000

   Energies (kJ/mol)
           Bond          Angle    Proper Dih. Ryckaert-Bell.          LJ-14
    5.82773e+02    1.45488e+03    1.04615e+02    4.79805e+02    1.04924e+03
     Coulomb-14        LJ (SR)  Disper. corr.   Coulomb (SR)   Coul. recip.
    6.47166e+03    1.00103e+05   -4.26711e+03   -6.30449e+05    2.74785e+03
      Potential    Kinetic En.   Total Energy  Conserved En.    Temperature
   -5.21722e+05    8.42863e+04   -4.37436e+05   -4.32998e+05    3.00401e+02
 Pres. DC (bar) Pressure (bar)   Constr. rmsd
   -2.12768e+02    1.95120e+02    3.51952e-06

           Step           Time
         475000      950.00000

   Energies (kJ/mol)
           Bond          Angle    Proper Dih. Ryckaert-Bell.          LJ-14
    5.30267e+02    1.57190e+03    1.12501e+02    5.28550e+02    1.08964e+03
     Coulomb-14        LJ (SR)  Disper. corr.   Coulomb (SR)   Coul. recip.
    6.47128e+03    9.84409e+04   -4.24577e+03   -6.28494e+05    2.73546e+03
      Potential    Kinetic En.   Total Energy  Conserved En.    Temperature
   -5.21259e+05    8.44368e+04   -4.36822e+05   -4.32954e+05    3.00937e+02
 Pres. DC (bar) Pressure (bar)   Constr. rmsd
   -2.10647e+02   -7.21323e+01    3.05548e-06

           Step           Time
         480000      960.00000

   Energies (kJ/mol)
           Bond          Angle    Proper Dih. Ryckaert-Bell.          LJ-14
    6.03494e+02    1.48584e+03    1.18606e+02    5.06104e+02    1.08331e+03
     Coulomb-14        LJ (SR)  Disper. corr.   Coulomb (SR)   Coul. recip.
    6.47068e+03    9.89357e+04   -4.26019e+03   -6.29143e+05    2.69250e+03
      Potential    Kinetic En.   Total Energy  Conserved En.    Temperature
   -5.21507e+05    8.46664e+04   -4.36841e+05   -4.32908e+05    3.01755e+02
 Pres. DC (bar) Pressure (bar)   Constr. rmsd
   -2.12079e+02   -4.34034e+01    2.91208e-06

Writing checkpoint, step 483600 at Wed May 19 21:55:25 2021


           Step           Time
         485000      970.00000

   Energies (kJ/mol)
           Bond          Angle    Proper Dih. Ryckaert-Bell.          LJ-14
    5.75782e+02    1.51749e+03    9.81535e+01    5.65307e+02    1.06923e+03
     Coulomb-14        LJ (SR)  Disper. corr.   Coulomb (SR)   Coul. recip.
    6.48092e+03    9.85118e+04   -4.24373e+03   -6.28268e+05    2.79945e+03
      Potential    Kinetic En.   Total Energy  Conserved En.    Temperature
   -5.20894e+05    8.41256e+04   -4.36768e+05   -4.32884e+05    2.99828e+02
 Pres. DC (bar) Pressure (bar)   Constr. rmsd
   -2.10445e+02   -1.61039e+02    3.03486e-06

           Step           Time
         490000      980.00000

   Energies (kJ/mol)
           Bond          Angle    Proper Dih. Ryckaert-Bell.          LJ-14
    5.63483e+02    1.45472e+03    8.99983e+01    5.22207e+02    1.15095e+03
     Coulomb-14        LJ (SR)  Disper. corr.   Coulomb (SR)   Coul. recip.
    6.50576e+03    9.92669e+04   -4.26725e+03   -6.28927e+05    2.71762e+03
      Potential    Kinetic En.   Total Energy  Conserved En.    Temperature
   -5.20922e+05    8.47670e+04   -4.36155e+05   -4.32839e+05    3.02114e+02
 Pres. DC (bar) Pressure (bar)   Constr. rmsd
   -2.12782e+02    2.70736e+02    3.13159e-06

           Step           Time
         495000      990.00000

   Energies (kJ/mol)
           Bond          Angle    Proper Dih. Ryckaert-Bell.          LJ-14
    6.93353e+02    1.52547e+03    1.07627e+02    5.93622e+02    1.11709e+03
     Coulomb-14        LJ (SR)  Disper. corr.   Coulomb (SR)   Coul. recip.
    6.50695e+03    9.95006e+04   -4.25893e+03   -6.29684e+05    2.73667e+03
      Potential    Kinetic En.   Total Energy  Conserved En.    Temperature
   -5.21162e+05    8.48007e+04   -4.36361e+05   -4.32814e+05    3.02234e+02
 Pres. DC (bar) Pressure (bar)   Constr. rmsd
   -2.11954e+02   -1.60442e+01    3.60876e-06

           Step           Time
         500000     1000.00000

Writing checkpoint, step 500000 at Wed May 19 22:02:31 2021


   Energies (kJ/mol)
           Bond          Angle    Proper Dih. Ryckaert-Bell.          LJ-14
    5.38135e+02    1.53211e+03    8.54581e+01    5.04964e+02    1.10681e+03
     Coulomb-14        LJ (SR)  Disper. corr.   Coulomb (SR)   Coul. recip.
    6.49548e+03    9.81768e+04   -4.26734e+03   -6.27906e+05    2.79968e+03
      Potential    Kinetic En.   Total Energy  Conserved En.    Temperature
   -5.20934e+05    8.42906e+04   -4.36643e+05   -4.32778e+05    3.00416e+02
 Pres. DC (bar) Pressure (bar)   Constr. rmsd
   -2.12790e+02   -7.80979e+01    2.49102e-06


Energy conservation over simulation part #1 of length 1000 ns, time 0 to 1000 ns
  Conserved energy drift: 1.11e-04 kJ/mol/ps per atom


	<======  ###############  ==>
	<====  A V E R A G E S  ====>
	<==  ###############  ======>

	Statistics over 500001 steps using 5001 frames

   Energies (kJ/mol)
           Bond          Angle    Proper Dih. Ryckaert-Bell.          LJ-14
    5.94932e+02    1.50785e+03    9.53948e+01    6.05958e+02    1.10294e+03
     Coulomb-14        LJ (SR)  Disper. corr.   Coulomb (SR)   Coul. recip.
    6.51241e+03    9.88059e+04   -4.25650e+03   -6.28508e+05    2.75726e+03
      Potential    Kinetic En.   Total Energy  Conserved En.    Temperature
   -5.20782e+05    8.41949e+04   -4.36587e+05   -4.34646e+05    3.00075e+02
 Pres. DC (bar) Pressure (bar)   Constr. rmsd
   -2.11713e+02   -1.81852e+00    0.00000e+00

          Box-X          Box-Y          Box-Z
    7.78987e+00    7.78987e+00    5.50826e+00

   Total Virial (kJ/mol)
    2.80770e+04    2.91900e+01    1.39759e+01
    2.91894e+01    2.81186e+04    2.82708e+01
    1.39491e+01    2.81887e+01    2.80589e+04

   Pressure (bar)
   -9.76380e-01   -3.85947e+00   -1.04965e+00
   -3.85942e+00   -5.93318e+00   -2.78304e+00
   -1.04699e+00   -2.77489e+00    1.45399e+00

      T-Protein  T-non-Protein
    3.00415e+02    3.00064e+02


	M E G A - F L O P S   A C C O U N T I N G

 NB=Group-cutoff nonbonded kernels    NxN=N-by-N cluster Verlet kernels
 RF=Reaction-Field  VdW=Van der Waals  QSTab=quadratic-spline table
 W3=SPC/TIP3p  W4=TIP4p (single or pairs)
 V&F=Potential and force  V=Potential only  F=Force only

 Computing:                               M-Number         M-Flops  % Flops
-----------------------------------------------------------------------------
 Pair Search distance check          134511.380536     1210602.425     0.2
 NxN Ewald Elec. + LJ [F]           4194412.565528   276831229.325    49.5
 NxN Ewald Elec. + LJ [V&F]           42374.843544     4534108.259     0.8
 NxN Ewald Elec. [F]                3950747.870920   240995620.126    43.1
 NxN Ewald Elec. [V&F]                39914.260024     3352797.842     0.6
 1,4 nonbonded interactions            1023.002046       92070.184     0.0
 Calc Weights                         50317.600635     1811433.623     0.3
 Spread Q Bspline                   1073442.146880     2146884.294     0.4
 Gather F Bspline                   1073442.146880     6440652.881     1.2
 3D-FFT                             2404586.809164    19236694.473     3.4
 Solve PME                             1352.002704       86528.173     0.0
 Shift-X                                419.346045        2516.076     0.0
 Bonds                                  206.000412       12154.024     0.0
 Angles                                 710.501421      119364.239     0.0
 Propers                                 85.000170       19465.039     0.0
 RB-Dihedrals                           793.501587      195994.892     0.0
 Virial                                1679.533590       30231.605     0.0
 Stop-CM                                167.758545        1677.585     0.0
 Calc-Ekin                             3354.567090       90573.311     0.0
 Lincs                                  191.500383       11490.023     0.0
 Lincs-Mat                              948.001896        3792.008     0.0
 Constraint-V                         16761.533523      150853.802     0.0
 Constraint-Vir                        1657.033140       39768.795     0.0
 Settle                                5459.510919     2020019.040     0.4
-----------------------------------------------------------------------------
 Total                                               559436522.045   100.0
-----------------------------------------------------------------------------


     R E A L   C Y C L E   A N D   T I M E   A C C O U N T I N G

On 1 MPI rank, each using 4 OpenMP threads

 Computing:          Num   Num      Call    Wall time         Giga-Cycles
                     Ranks Threads  Count      (s)         total sum    %
-----------------------------------------------------------------------------
 Neighbor search        1    4      12501     420.360       4194.003   2.5
 Force                  1    4     500001   11849.522     118224.690  71.3
 PME mesh               1    4     500001    3280.920      32734.291  19.7
 NB X/F buffer ops.     1    4     987501     555.461       5541.929   3.3
 Write traj.            1    4        119       2.622         26.160   0.0
 Update                 1    4     500001     257.468       2568.801   1.5
 Constraints            1    4     500001     192.157       1917.187   1.2
 Rest                                          68.805        686.476   0.4
-----------------------------------------------------------------------------
 Total                                      16627.315     165893.537 100.0
-----------------------------------------------------------------------------
 Breakdown of PME mesh computation
-----------------------------------------------------------------------------
 PME spread             1    4     500001    1217.602      12148.226   7.3
 PME gather             1    4     500001    1151.011      11483.836   6.9
 PME 3D-FFT             1    4    1000002     784.319       7825.285   4.7
 PME solve Elec         1    4     500001     108.221       1079.742   0.7
-----------------------------------------------------------------------------

               Core t (s)   Wall t (s)        (%)
       Time:    66509.259    16627.315      400.0
                         4h37:07
                 (ns/day)    (hour/ns)
Performance:        5.196        4.619
Finished mdrun on rank 0 Wed May 19 22:02:32 2021

